{"/Users/ldy/Desktop/test/map/src/index.ts": {"path":"/Users/ldy/Desktop/test/map/src/index.ts","all":true,"statementMap":{"0":{"start":{"line":1,"column":0},"end":{"line":1,"column":3}},"1":{"start":{"line":2,"column":0},"end":{"line":2,"column":36}},"2":{"start":{"line":3,"column":0},"end":{"line":3,"column":12}},"3":{"start":{"line":4,"column":0},"end":{"line":4,"column":3}},"4":{"start":{"line":5,"column":0},"end":{"line":5,"column":0}},"5":{"start":{"line":6,"column":0},"end":{"line":6,"column":10}},"6":{"start":{"line":7,"column":0},"end":{"line":7,"column":50}},"7":{"start":{"line":8,"column":0},"end":{"line":8,"column":86}},"8":{"start":{"line":9,"column":0},"end":{"line":9,"column":0}},"9":{"start":{"line":10,"column":0},"end":{"line":10,"column":16}},"10":{"start":{"line":11,"column":0},"end":{"line":11,"column":45}},"11":{"start":{"line":12,"column":0},"end":{"line":12,"column":0}},"12":{"start":{"line":13,"column":0},"end":{"line":13,"column":10}},"13":{"start":{"line":14,"column":0},"end":{"line":14,"column":64}},"14":{"start":{"line":15,"column":0},"end":{"line":15,"column":0}},"15":{"start":{"line":16,"column":0},"end":{"line":16,"column":9}},"16":{"start":{"line":17,"column":0},"end":{"line":17,"column":75}},"17":{"start":{"line":18,"column":0},"end":{"line":18,"column":0}},"18":{"start":{"line":19,"column":0},"end":{"line":19,"column":9}},"19":{"start":{"line":20,"column":0},"end":{"line":20,"column":44}},"20":{"start":{"line":21,"column":0},"end":{"line":21,"column":74}},"21":{"start":{"line":22,"column":0},"end":{"line":22,"column":49}}},"s":{"0":0,"1":0,"2":0,"3":0,"4":0,"5":0,"6":0,"7":0,"8":0,"9":0,"10":0,"11":0,"12":0,"13":0,"14":0,"15":0,"16":0,"17":0,"18":0,"19":0,"20":0,"21":0},"branchMap":{"0":{"type":"branch","line":1,"loc":{"start":{"line":1,"column":616},"end":{"line":22,"column":49}},"locations":[{"start":{"line":1,"column":616},"end":{"line":22,"column":49}}]}},"b":{"0":[0]},"fnMap":{"0":{"name":"(empty-report)","decl":{"start":{"line":1,"column":616},"end":{"line":22,"column":49}},"loc":{"start":{"line":1,"column":616},"end":{"line":22,"column":49}},"line":1}},"f":{"0":0}}
,"/Users/ldy/Desktop/test/map/src/renderer/Layer.ts": {"path":"/Users/ldy/Desktop/test/map/src/renderer/Layer.ts","all":false,"statementMap":{"0":{"start":{"line":1,"column":0},"end":{"line":1,"column":89}},"1":{"start":{"line":2,"column":0},"end":{"line":2,"column":40}},"2":{"start":{"line":3,"column":0},"end":{"line":3,"column":0}},"3":{"start":{"line":4,"column":0},"end":{"line":4,"column":3}},"4":{"start":{"line":5,"column":0},"end":{"line":5,"column":11}},"5":{"start":{"line":6,"column":0},"end":{"line":6,"column":35}},"6":{"start":{"line":7,"column":0},"end":{"line":7,"column":3}},"7":{"start":{"line":8,"column":0},"end":{"line":8,"column":52}},"8":{"start":{"line":9,"column":0},"end":{"line":9,"column":32}},"9":{"start":{"line":10,"column":0},"end":{"line":10,"column":0}},"10":{"start":{"line":11,"column":0},"end":{"line":11,"column":22}},"11":{"start":{"line":12,"column":0},"end":{"line":12,"column":19}},"12":{"start":{"line":13,"column":0},"end":{"line":13,"column":19}},"13":{"start":{"line":14,"column":0},"end":{"line":14,"column":24}},"14":{"start":{"line":15,"column":0},"end":{"line":15,"column":0}},"15":{"start":{"line":16,"column":0},"end":{"line":16,"column":54}},"16":{"start":{"line":17,"column":0},"end":{"line":17,"column":34}},"17":{"start":{"line":18,"column":0},"end":{"line":18,"column":45}},"18":{"start":{"line":19,"column":0},"end":{"line":19,"column":28}},"19":{"start":{"line":20,"column":0},"end":{"line":20,"column":0}},"20":{"start":{"line":21,"column":0},"end":{"line":21,"column":44}},"21":{"start":{"line":22,"column":0},"end":{"line":22,"column":58}},"22":{"start":{"line":23,"column":0},"end":{"line":23,"column":42}},"23":{"start":{"line":24,"column":0},"end":{"line":24,"column":43}},"24":{"start":{"line":25,"column":0},"end":{"line":25,"column":40}},"25":{"start":{"line":26,"column":0},"end":{"line":26,"column":38}},"26":{"start":{"line":27,"column":0},"end":{"line":27,"column":3}},"27":{"start":{"line":28,"column":0},"end":{"line":28,"column":0}},"28":{"start":{"line":29,"column":0},"end":{"line":29,"column":5}},"29":{"start":{"line":30,"column":0},"end":{"line":30,"column":11}},"30":{"start":{"line":31,"column":0},"end":{"line":31,"column":5}},"31":{"start":{"line":32,"column":0},"end":{"line":32,"column":27}},"32":{"start":{"line":33,"column":0},"end":{"line":33,"column":23}},"33":{"start":{"line":34,"column":0},"end":{"line":34,"column":3}},"34":{"start":{"line":35,"column":0},"end":{"line":35,"column":0}},"35":{"start":{"line":36,"column":0},"end":{"line":36,"column":5}},"36":{"start":{"line":37,"column":0},"end":{"line":37,"column":13}},"37":{"start":{"line":38,"column":0},"end":{"line":38,"column":5}},"38":{"start":{"line":39,"column":0},"end":{"line":39,"column":36}},"39":{"start":{"line":40,"column":0},"end":{"line":40,"column":26}},"40":{"start":{"line":41,"column":0},"end":{"line":41,"column":3}},"41":{"start":{"line":42,"column":0},"end":{"line":42,"column":0}},"42":{"start":{"line":43,"column":0},"end":{"line":43,"column":5}},"43":{"start":{"line":44,"column":0},"end":{"line":44,"column":11}},"44":{"start":{"line":45,"column":0},"end":{"line":45,"column":5}},"45":{"start":{"line":46,"column":0},"end":{"line":46,"column":34}},"46":{"start":{"line":47,"column":0},"end":{"line":47,"column":25}},"47":{"start":{"line":48,"column":0},"end":{"line":48,"column":54}},"48":{"start":{"line":49,"column":0},"end":{"line":49,"column":5}},"49":{"start":{"line":50,"column":0},"end":{"line":50,"column":0}},"50":{"start":{"line":51,"column":0},"end":{"line":51,"column":79}},"51":{"start":{"line":52,"column":0},"end":{"line":52,"column":56}},"52":{"start":{"line":53,"column":0},"end":{"line":53,"column":13}},"53":{"start":{"line":54,"column":0},"end":{"line":54,"column":5}},"54":{"start":{"line":55,"column":0},"end":{"line":55,"column":0}},"55":{"start":{"line":56,"column":0},"end":{"line":56,"column":30}},"56":{"start":{"line":57,"column":0},"end":{"line":57,"column":0}},"57":{"start":{"line":58,"column":0},"end":{"line":58,"column":13}},"58":{"start":{"line":59,"column":0},"end":{"line":59,"column":36}},"59":{"start":{"line":60,"column":0},"end":{"line":60,"column":0}},"60":{"start":{"line":61,"column":0},"end":{"line":61,"column":18}},"61":{"start":{"line":62,"column":0},"end":{"line":62,"column":31}},"62":{"start":{"line":63,"column":0},"end":{"line":63,"column":0}},"63":{"start":{"line":64,"column":0},"end":{"line":64,"column":35}},"64":{"start":{"line":65,"column":0},"end":{"line":65,"column":0}},"65":{"start":{"line":66,"column":0},"end":{"line":66,"column":24}},"66":{"start":{"line":67,"column":0},"end":{"line":67,"column":23}},"67":{"start":{"line":68,"column":0},"end":{"line":68,"column":37}},"68":{"start":{"line":69,"column":0},"end":{"line":69,"column":5}},"69":{"start":{"line":70,"column":0},"end":{"line":70,"column":3}},"70":{"start":{"line":71,"column":0},"end":{"line":71,"column":0}},"71":{"start":{"line":72,"column":0},"end":{"line":72,"column":5}},"72":{"start":{"line":73,"column":0},"end":{"line":73,"column":11}},"73":{"start":{"line":74,"column":0},"end":{"line":74,"column":5}},"74":{"start":{"line":75,"column":0},"end":{"line":75,"column":18}},"75":{"start":{"line":76,"column":0},"end":{"line":76,"column":25}},"76":{"start":{"line":77,"column":0},"end":{"line":77,"column":54}},"77":{"start":{"line":78,"column":0},"end":{"line":78,"column":5}},"78":{"start":{"line":79,"column":0},"end":{"line":79,"column":0}},"79":{"start":{"line":80,"column":0},"end":{"line":80,"column":87}},"80":{"start":{"line":81,"column":0},"end":{"line":81,"column":52}},"81":{"start":{"line":82,"column":0},"end":{"line":82,"column":13}},"82":{"start":{"line":83,"column":0},"end":{"line":83,"column":5}},"83":{"start":{"line":84,"column":0},"end":{"line":84,"column":0}},"84":{"start":{"line":85,"column":0},"end":{"line":85,"column":21}},"85":{"start":{"line":86,"column":0},"end":{"line":86,"column":34}},"86":{"start":{"line":87,"column":0},"end":{"line":87,"column":0}},"87":{"start":{"line":88,"column":0},"end":{"line":88,"column":14}},"88":{"start":{"line":89,"column":0},"end":{"line":89,"column":25}},"89":{"start":{"line":90,"column":0},"end":{"line":90,"column":50}},"90":{"start":{"line":91,"column":0},"end":{"line":91,"column":28}},"91":{"start":{"line":92,"column":0},"end":{"line":92,"column":5}},"92":{"start":{"line":93,"column":0},"end":{"line":93,"column":0}},"93":{"start":{"line":94,"column":0},"end":{"line":94,"column":37}},"94":{"start":{"line":95,"column":0},"end":{"line":95,"column":3}},"95":{"start":{"line":96,"column":0},"end":{"line":96,"column":0}},"96":{"start":{"line":97,"column":0},"end":{"line":97,"column":5}},"97":{"start":{"line":98,"column":0},"end":{"line":98,"column":9}},"98":{"start":{"line":99,"column":0},"end":{"line":99,"column":5}},"99":{"start":{"line":100,"column":0},"end":{"line":100,"column":16}},"100":{"start":{"line":101,"column":0},"end":{"line":101,"column":25}},"101":{"start":{"line":102,"column":0},"end":{"line":102,"column":54}},"102":{"start":{"line":103,"column":0},"end":{"line":103,"column":5}},"103":{"start":{"line":104,"column":0},"end":{"line":104,"column":0}},"104":{"start":{"line":105,"column":0},"end":{"line":105,"column":87}},"105":{"start":{"line":106,"column":0},"end":{"line":106,"column":79}},"106":{"start":{"line":107,"column":0},"end":{"line":107,"column":13}},"107":{"start":{"line":108,"column":0},"end":{"line":108,"column":5}},"108":{"start":{"line":109,"column":0},"end":{"line":109,"column":0}},"109":{"start":{"line":110,"column":0},"end":{"line":110,"column":23}},"110":{"start":{"line":111,"column":0},"end":{"line":111,"column":13}},"111":{"start":{"line":112,"column":0},"end":{"line":112,"column":5}},"112":{"start":{"line":113,"column":0},"end":{"line":113,"column":0}},"113":{"start":{"line":114,"column":0},"end":{"line":114,"column":24}},"114":{"start":{"line":115,"column":0},"end":{"line":115,"column":0}},"115":{"start":{"line":116,"column":0},"end":{"line":116,"column":19}},"116":{"start":{"line":117,"column":0},"end":{"line":117,"column":32}},"117":{"start":{"line":118,"column":0},"end":{"line":118,"column":0}},"118":{"start":{"line":119,"column":0},"end":{"line":119,"column":35}},"119":{"start":{"line":120,"column":0},"end":{"line":120,"column":3}},"120":{"start":{"line":121,"column":0},"end":{"line":121,"column":0}},"121":{"start":{"line":122,"column":0},"end":{"line":122,"column":5}},"122":{"start":{"line":123,"column":0},"end":{"line":123,"column":9}},"123":{"start":{"line":124,"column":0},"end":{"line":124,"column":5}},"124":{"start":{"line":125,"column":0},"end":{"line":125,"column":16}},"125":{"start":{"line":126,"column":0},"end":{"line":126,"column":25}},"126":{"start":{"line":127,"column":0},"end":{"line":127,"column":54}},"127":{"start":{"line":128,"column":0},"end":{"line":128,"column":5}},"128":{"start":{"line":129,"column":0},"end":{"line":129,"column":0}},"129":{"start":{"line":130,"column":0},"end":{"line":130,"column":87}},"130":{"start":{"line":131,"column":0},"end":{"line":131,"column":79}},"131":{"start":{"line":132,"column":0},"end":{"line":132,"column":13}},"132":{"start":{"line":133,"column":0},"end":{"line":133,"column":5}},"133":{"start":{"line":134,"column":0},"end":{"line":134,"column":0}},"134":{"start":{"line":135,"column":0},"end":{"line":135,"column":24}},"135":{"start":{"line":136,"column":0},"end":{"line":136,"column":13}},"136":{"start":{"line":137,"column":0},"end":{"line":137,"column":5}},"137":{"start":{"line":138,"column":0},"end":{"line":138,"column":0}},"138":{"start":{"line":139,"column":0},"end":{"line":139,"column":25}},"139":{"start":{"line":140,"column":0},"end":{"line":140,"column":0}},"140":{"start":{"line":141,"column":0},"end":{"line":141,"column":19}},"141":{"start":{"line":142,"column":0},"end":{"line":142,"column":32}},"142":{"start":{"line":143,"column":0},"end":{"line":143,"column":0}},"143":{"start":{"line":144,"column":0},"end":{"line":144,"column":36}},"144":{"start":{"line":145,"column":0},"end":{"line":145,"column":3}},"145":{"start":{"line":146,"column":0},"end":{"line":146,"column":0}},"146":{"start":{"line":147,"column":0},"end":{"line":147,"column":5}},"147":{"start":{"line":148,"column":0},"end":{"line":148,"column":10}},"148":{"start":{"line":149,"column":0},"end":{"line":149,"column":5}},"149":{"start":{"line":150,"column":0},"end":{"line":150,"column":18}},"150":{"start":{"line":151,"column":0},"end":{"line":151,"column":23}},"151":{"start":{"line":152,"column":0},"end":{"line":152,"column":18}},"152":{"start":{"line":153,"column":0},"end":{"line":153,"column":12}},"153":{"start":{"line":154,"column":0},"end":{"line":154,"column":18}},"154":{"start":{"line":155,"column":0},"end":{"line":155,"column":5}},"155":{"start":{"line":156,"column":0},"end":{"line":156,"column":3}},"156":{"start":{"line":157,"column":0},"end":{"line":157,"column":0}},"157":{"start":{"line":158,"column":0},"end":{"line":158,"column":5}},"158":{"start":{"line":159,"column":0},"end":{"line":159,"column":10}},"159":{"start":{"line":160,"column":0},"end":{"line":160,"column":5}},"160":{"start":{"line":161,"column":0},"end":{"line":161,"column":39}},"161":{"start":{"line":162,"column":0},"end":{"line":162,"column":25}},"162":{"start":{"line":163,"column":0},"end":{"line":163,"column":54}},"163":{"start":{"line":164,"column":0},"end":{"line":164,"column":5}},"164":{"start":{"line":165,"column":0},"end":{"line":165,"column":0}},"165":{"start":{"line":166,"column":0},"end":{"line":166,"column":37}},"166":{"start":{"line":167,"column":0},"end":{"line":167,"column":31}},"167":{"start":{"line":168,"column":0},"end":{"line":168,"column":0}},"168":{"start":{"line":169,"column":0},"end":{"line":169,"column":25}},"169":{"start":{"line":170,"column":0},"end":{"line":170,"column":27}},"170":{"start":{"line":171,"column":0},"end":{"line":171,"column":59}},"171":{"start":{"line":172,"column":0},"end":{"line":172,"column":25}},"172":{"start":{"line":173,"column":0},"end":{"line":173,"column":11}},"173":{"start":{"line":174,"column":0},"end":{"line":174,"column":7}},"174":{"start":{"line":175,"column":0},"end":{"line":175,"column":5}},"175":{"start":{"line":176,"column":0},"end":{"line":176,"column":3}},"176":{"start":{"line":177,"column":0},"end":{"line":177,"column":0}},"177":{"start":{"line":178,"column":0},"end":{"line":178,"column":5}},"178":{"start":{"line":179,"column":0},"end":{"line":179,"column":16}},"179":{"start":{"line":180,"column":0},"end":{"line":180,"column":5}},"180":{"start":{"line":181,"column":0},"end":{"line":181,"column":22}},"181":{"start":{"line":182,"column":0},"end":{"line":182,"column":12}},"182":{"start":{"line":183,"column":0},"end":{"line":183,"column":41}},"183":{"start":{"line":184,"column":0},"end":{"line":184,"column":41}},"184":{"start":{"line":185,"column":0},"end":{"line":185,"column":39}},"185":{"start":{"line":186,"column":0},"end":{"line":186,"column":6}},"186":{"start":{"line":187,"column":0},"end":{"line":187,"column":3}},"187":{"start":{"line":188,"column":0},"end":{"line":188,"column":0}},"188":{"start":{"line":189,"column":0},"end":{"line":189,"column":5}},"189":{"start":{"line":190,"column":0},"end":{"line":190,"column":11}},"190":{"start":{"line":191,"column":0},"end":{"line":191,"column":5}},"191":{"start":{"line":192,"column":0},"end":{"line":192,"column":24}},"192":{"start":{"line":193,"column":0},"end":{"line":193,"column":24}},"193":{"start":{"line":194,"column":0},"end":{"line":194,"column":3}},"194":{"start":{"line":195,"column":0},"end":{"line":195,"column":0}},"195":{"start":{"line":196,"column":0},"end":{"line":196,"column":5}},"196":{"start":{"line":197,"column":0},"end":{"line":197,"column":16}},"197":{"start":{"line":198,"column":0},"end":{"line":198,"column":5}},"198":{"start":{"line":199,"column":0},"end":{"line":199,"column":29}},"199":{"start":{"line":200,"column":0},"end":{"line":200,"column":23}},"200":{"start":{"line":201,"column":0},"end":{"line":201,"column":59}},"201":{"start":{"line":202,"column":0},"end":{"line":202,"column":75}},"202":{"start":{"line":203,"column":0},"end":{"line":203,"column":25}},"203":{"start":{"line":204,"column":0},"end":{"line":204,"column":11}},"204":{"start":{"line":205,"column":0},"end":{"line":205,"column":26}},"205":{"start":{"line":206,"column":0},"end":{"line":206,"column":69}},"206":{"start":{"line":207,"column":0},"end":{"line":207,"column":5}},"207":{"start":{"line":208,"column":0},"end":{"line":208,"column":0}},"208":{"start":{"line":209,"column":0},"end":{"line":209,"column":91}},"209":{"start":{"line":210,"column":0},"end":{"line":210,"column":3}},"210":{"start":{"line":211,"column":0},"end":{"line":211,"column":0}},"211":{"start":{"line":212,"column":0},"end":{"line":212,"column":5}},"212":{"start":{"line":213,"column":0},"end":{"line":213,"column":18}},"213":{"start":{"line":214,"column":0},"end":{"line":214,"column":5}},"214":{"start":{"line":215,"column":0},"end":{"line":215,"column":54}},"215":{"start":{"line":216,"column":0},"end":{"line":216,"column":26}},"216":{"start":{"line":217,"column":0},"end":{"line":217,"column":69}},"217":{"start":{"line":218,"column":0},"end":{"line":218,"column":5}},"218":{"start":{"line":219,"column":0},"end":{"line":219,"column":0}},"219":{"start":{"line":220,"column":0},"end":{"line":220,"column":54}},"220":{"start":{"line":221,"column":0},"end":{"line":221,"column":3}},"221":{"start":{"line":222,"column":0},"end":{"line":222,"column":0}},"222":{"start":{"line":223,"column":0},"end":{"line":223,"column":5}},"223":{"start":{"line":224,"column":0},"end":{"line":224,"column":18}},"224":{"start":{"line":225,"column":0},"end":{"line":225,"column":5}},"225":{"start":{"line":226,"column":0},"end":{"line":226,"column":58}},"226":{"start":{"line":227,"column":0},"end":{"line":227,"column":26}},"227":{"start":{"line":228,"column":0},"end":{"line":228,"column":69}},"228":{"start":{"line":229,"column":0},"end":{"line":229,"column":5}},"229":{"start":{"line":230,"column":0},"end":{"line":230,"column":0}},"230":{"start":{"line":231,"column":0},"end":{"line":231,"column":58}},"231":{"start":{"line":232,"column":0},"end":{"line":232,"column":3}},"232":{"start":{"line":233,"column":0},"end":{"line":233,"column":0}},"233":{"start":{"line":234,"column":0},"end":{"line":234,"column":5}},"234":{"start":{"line":235,"column":0},"end":{"line":235,"column":18}},"235":{"start":{"line":236,"column":0},"end":{"line":236,"column":5}},"236":{"start":{"line":237,"column":0},"end":{"line":237,"column":55}},"237":{"start":{"line":238,"column":0},"end":{"line":238,"column":26}},"238":{"start":{"line":239,"column":0},"end":{"line":239,"column":69}},"239":{"start":{"line":240,"column":0},"end":{"line":240,"column":5}},"240":{"start":{"line":241,"column":0},"end":{"line":241,"column":0}},"241":{"start":{"line":242,"column":0},"end":{"line":242,"column":63}},"242":{"start":{"line":243,"column":0},"end":{"line":243,"column":3}},"243":{"start":{"line":244,"column":0},"end":{"line":244,"column":0}},"244":{"start":{"line":245,"column":0},"end":{"line":245,"column":5}},"245":{"start":{"line":246,"column":0},"end":{"line":246,"column":16}},"246":{"start":{"line":247,"column":0},"end":{"line":247,"column":5}},"247":{"start":{"line":248,"column":0},"end":{"line":248,"column":45}},"248":{"start":{"line":249,"column":0},"end":{"line":249,"column":0}},"249":{"start":{"line":250,"column":0},"end":{"line":250,"column":5}},"250":{"start":{"line":251,"column":0},"end":{"line":251,"column":16}},"251":{"start":{"line":252,"column":0},"end":{"line":252,"column":5}},"252":{"start":{"line":253,"column":0},"end":{"line":253,"column":38}},"253":{"start":{"line":254,"column":0},"end":{"line":254,"column":24}},"254":{"start":{"line":255,"column":0},"end":{"line":255,"column":3}},"255":{"start":{"line":256,"column":0},"end":{"line":256,"column":0}},"256":{"start":{"line":257,"column":0},"end":{"line":257,"column":5}},"257":{"start":{"line":258,"column":0},"end":{"line":258,"column":9}},"258":{"start":{"line":259,"column":0},"end":{"line":259,"column":5}},"259":{"start":{"line":260,"column":0},"end":{"line":260,"column":19}},"260":{"start":{"line":261,"column":0},"end":{"line":261,"column":25}},"261":{"start":{"line":262,"column":0},"end":{"line":262,"column":13}},"262":{"start":{"line":263,"column":0},"end":{"line":263,"column":5}},"263":{"start":{"line":264,"column":0},"end":{"line":264,"column":0}},"264":{"start":{"line":265,"column":0},"end":{"line":265,"column":21}},"265":{"start":{"line":266,"column":0},"end":{"line":266,"column":36}},"266":{"start":{"line":267,"column":0},"end":{"line":267,"column":0}},"267":{"start":{"line":268,"column":0},"end":{"line":268,"column":19}},"268":{"start":{"line":269,"column":0},"end":{"line":269,"column":25}},"269":{"start":{"line":270,"column":0},"end":{"line":270,"column":20}},"270":{"start":{"line":271,"column":0},"end":{"line":271,"column":5}},"271":{"start":{"line":272,"column":0},"end":{"line":272,"column":0}},"272":{"start":{"line":273,"column":0},"end":{"line":273,"column":33}},"273":{"start":{"line":274,"column":0},"end":{"line":274,"column":30}},"274":{"start":{"line":275,"column":0},"end":{"line":275,"column":28}},"275":{"start":{"line":276,"column":0},"end":{"line":276,"column":26}},"276":{"start":{"line":277,"column":0},"end":{"line":277,"column":0}},"277":{"start":{"line":278,"column":0},"end":{"line":278,"column":26}},"278":{"start":{"line":279,"column":0},"end":{"line":279,"column":38}},"279":{"start":{"line":280,"column":0},"end":{"line":280,"column":3}},"280":{"start":{"line":281,"column":0},"end":{"line":281,"column":0}},"281":{"start":{"line":282,"column":0},"end":{"line":282,"column":5}},"282":{"start":{"line":283,"column":0},"end":{"line":283,"column":13}},"283":{"start":{"line":284,"column":0},"end":{"line":284,"column":5}},"284":{"start":{"line":285,"column":0},"end":{"line":285,"column":78}},"285":{"start":{"line":286,"column":0},"end":{"line":286,"column":39}},"286":{"start":{"line":287,"column":0},"end":{"line":287,"column":15}},"287":{"start":{"line":288,"column":0},"end":{"line":288,"column":11}},"288":{"start":{"line":289,"column":0},"end":{"line":289,"column":21}},"289":{"start":{"line":290,"column":0},"end":{"line":290,"column":23}},"290":{"start":{"line":291,"column":0},"end":{"line":291,"column":76}},"291":{"start":{"line":292,"column":0},"end":{"line":292,"column":7}},"292":{"start":{"line":293,"column":0},"end":{"line":293,"column":5}},"293":{"start":{"line":294,"column":0},"end":{"line":294,"column":3}},"294":{"start":{"line":295,"column":0},"end":{"line":295,"column":1}}},"s":{"0":1,"1":1,"2":1,"3":1,"4":1,"5":1,"6":1,"7":1,"8":1,"9":1,"10":1,"11":255,"12":255,"13":255,"14":255,"15":255,"16":255,"17":255,"18":255,"19":1,"20":1,"21":255,"22":255,"23":255,"24":255,"25":255,"26":255,"27":1,"28":1,"29":1,"30":1,"31":1,"32":12,"33":12,"34":1,"35":1,"36":1,"37":1,"38":1,"39":3,"40":3,"41":1,"42":1,"43":1,"44":1,"45":1,"46":243,"47":1,"48":1,"49":242,"50":243,"51":1,"52":1,"53":1,"54":241,"55":241,"56":241,"57":241,"58":241,"59":241,"60":241,"61":241,"62":241,"63":241,"64":241,"65":241,"66":243,"67":234,"68":234,"69":243,"70":1,"71":1,"72":1,"73":1,"74":1,"75":220,"76":1,"77":1,"78":219,"79":220,"80":1,"81":1,"82":1,"83":218,"84":218,"85":218,"86":218,"87":218,"88":218,"89":218,"90":218,"91":218,"92":218,"93":218,"94":220,"95":1,"96":1,"97":1,"98":1,"99":1,"100":2007,"101":1,"102":1,"103":2006,"104":2007,"105":1,"106":1,"107":1,"108":2005,"109":2007,"110":41,"111":41,"112":1964,"113":1964,"114":1964,"115":1964,"116":1964,"117":1964,"118":1964,"119":2007,"120":1,"121":1,"122":1,"123":1,"124":1,"125":2018,"126":1,"127":1,"128":2017,"129":2018,"130":1,"131":1,"132":1,"133":2016,"134":2018,"135":22,"136":22,"137":1994,"138":1994,"139":1994,"140":1994,"141":1994,"142":1994,"143":1994,"144":2018,"145":1,"146":1,"147":1,"148":1,"149":1,"150":1002,"151":501,"152":501,"153":501,"154":501,"155":1002,"156":1,"157":1,"158":1,"159":1,"160":1,"161":4,"162":1,"163":1,"164":3,"165":4,"166":2,"167":2,"168":2,"169":2,"170":1,"171":0,"172":1,"173":1,"174":2,"175":4,"176":1,"177":1,"178":1,"179":1,"180":1,"181":209,"182":209,"183":208,"184":181,"185":209,"186":209,"187":1,"188":1,"189":1,"190":1,"191":1,"192":2,"193":2,"194":1,"195":1,"196":1,"197":1,"198":1,"199":290,"200":290,"201":290,"202":290,"203":290,"204":290,"205":1,"206":1,"207":289,"208":289,"209":290,"210":1,"211":1,"212":1,"213":1,"214":1,"215":103,"216":0,"217":0,"218":103,"219":103,"220":103,"221":1,"222":1,"223":1,"224":1,"225":1,"226":103,"227":0,"228":0,"229":103,"230":103,"231":103,"232":1,"233":1,"234":1,"235":1,"236":1,"237":289,"238":178,"239":178,"240":111,"241":111,"242":289,"243":1,"244":1,"245":1,"246":1,"247":1,"248":1,"249":1,"250":1,"251":1,"252":1,"253":8,"254":8,"255":1,"256":1,"257":1,"258":1,"259":1,"260":207,"261":1,"262":1,"263":206,"264":206,"265":206,"266":206,"267":206,"268":207,"269":27,"270":27,"271":206,"272":206,"273":206,"274":206,"275":206,"276":206,"277":206,"278":206,"279":207,"280":1,"281":1,"282":1,"283":1,"284":1,"285":4417,"286":4417,"287":116,"288":116,"289":116,"290":4,"291":4,"292":116,"293":4417,"294":1},"branchMap":{"0":{"type":"branch","line":9,"loc":{"start":{"line":9,"column":2},"end":{"line":9,"column":32}},"locations":[{"start":{"line":9,"column":2},"end":{"line":9,"column":32}}]},"1":{"type":"branch","line":11,"loc":{"start":{"line":11,"column":11},"end":{"line":19,"column":28}},"locations":[{"start":{"line":11,"column":11},"end":{"line":19,"column":28}}]},"2":{"type":"branch","line":21,"loc":{"start":{"line":21,"column":2},"end":{"line":27,"column":3}},"locations":[{"start":{"line":21,"column":2},"end":{"line":27,"column":3}}]},"3":{"type":"branch","line":22,"loc":{"start":{"line":22,"column":22},"end":{"line":22,"column":58}},"locations":[{"start":{"line":22,"column":22},"end":{"line":22,"column":58}}]},"4":{"type":"branch","line":23,"loc":{"start":{"line":23,"column":28},"end":{"line":23,"column":42}},"locations":[{"start":{"line":23,"column":28},"end":{"line":23,"column":42}}]},"5":{"type":"branch","line":24,"loc":{"start":{"line":24,"column":27},"end":{"line":24,"column":43}},"locations":[{"start":{"line":24,"column":27},"end":{"line":24,"column":43}}]},"6":{"type":"branch","line":25,"loc":{"start":{"line":25,"column":24},"end":{"line":25,"column":40}},"locations":[{"start":{"line":25,"column":24},"end":{"line":25,"column":40}}]},"7":{"type":"branch","line":26,"loc":{"start":{"line":26,"column":26},"end":{"line":26,"column":38}},"locations":[{"start":{"line":26,"column":26},"end":{"line":26,"column":38}}]},"8":{"type":"branch","line":32,"loc":{"start":{"line":32,"column":2},"end":{"line":34,"column":3}},"locations":[{"start":{"line":32,"column":2},"end":{"line":34,"column":3}}]},"9":{"type":"branch","line":39,"loc":{"start":{"line":39,"column":2},"end":{"line":41,"column":3}},"locations":[{"start":{"line":39,"column":2},"end":{"line":41,"column":3}}]},"10":{"type":"branch","line":46,"loc":{"start":{"line":46,"column":2},"end":{"line":70,"column":3}},"locations":[{"start":{"line":46,"column":2},"end":{"line":70,"column":3}}]},"11":{"type":"branch","line":47,"loc":{"start":{"line":47,"column":24},"end":{"line":49,"column":5}},"locations":[{"start":{"line":47,"column":24},"end":{"line":49,"column":5}}]},"12":{"type":"branch","line":49,"loc":{"start":{"line":49,"column":4},"end":{"line":51,"column":78}},"locations":[{"start":{"line":49,"column":4},"end":{"line":51,"column":78}}]},"13":{"type":"branch","line":51,"loc":{"start":{"line":51,"column":78},"end":{"line":54,"column":5}},"locations":[{"start":{"line":51,"column":78},"end":{"line":54,"column":5}}]},"14":{"type":"branch","line":54,"loc":{"start":{"line":54,"column":4},"end":{"line":67,"column":22}},"locations":[{"start":{"line":54,"column":4},"end":{"line":67,"column":22}}]},"15":{"type":"branch","line":67,"loc":{"start":{"line":67,"column":22},"end":{"line":69,"column":5}},"locations":[{"start":{"line":67,"column":22},"end":{"line":69,"column":5}}]},"16":{"type":"branch","line":75,"loc":{"start":{"line":75,"column":2},"end":{"line":95,"column":3}},"locations":[{"start":{"line":75,"column":2},"end":{"line":95,"column":3}}]},"17":{"type":"branch","line":76,"loc":{"start":{"line":76,"column":24},"end":{"line":78,"column":5}},"locations":[{"start":{"line":76,"column":24},"end":{"line":78,"column":5}}]},"18":{"type":"branch","line":78,"loc":{"start":{"line":78,"column":4},"end":{"line":80,"column":50}},"locations":[{"start":{"line":78,"column":4},"end":{"line":80,"column":50}}]},"19":{"type":"branch","line":80,"loc":{"start":{"line":80,"column":35},"end":{"line":80,"column":86}},"locations":[{"start":{"line":80,"column":35},"end":{"line":80,"column":86}}]},"20":{"type":"branch","line":80,"loc":{"start":{"line":80,"column":86},"end":{"line":83,"column":5}},"locations":[{"start":{"line":80,"column":86},"end":{"line":83,"column":5}}]},"21":{"type":"branch","line":83,"loc":{"start":{"line":83,"column":4},"end":{"line":94,"column":37}},"locations":[{"start":{"line":83,"column":4},"end":{"line":94,"column":37}}]},"22":{"type":"branch","line":100,"loc":{"start":{"line":100,"column":2},"end":{"line":120,"column":3}},"locations":[{"start":{"line":100,"column":2},"end":{"line":120,"column":3}}]},"23":{"type":"branch","line":101,"loc":{"start":{"line":101,"column":24},"end":{"line":103,"column":5}},"locations":[{"start":{"line":101,"column":24},"end":{"line":103,"column":5}}]},"24":{"type":"branch","line":103,"loc":{"start":{"line":103,"column":4},"end":{"line":105,"column":50}},"locations":[{"start":{"line":103,"column":4},"end":{"line":105,"column":50}}]},"25":{"type":"branch","line":105,"loc":{"start":{"line":105,"column":35},"end":{"line":105,"column":86}},"locations":[{"start":{"line":105,"column":35},"end":{"line":105,"column":86}}]},"26":{"type":"branch","line":105,"loc":{"start":{"line":105,"column":86},"end":{"line":108,"column":5}},"locations":[{"start":{"line":105,"column":86},"end":{"line":108,"column":5}}]},"27":{"type":"branch","line":108,"loc":{"start":{"line":108,"column":4},"end":{"line":110,"column":22}},"locations":[{"start":{"line":108,"column":4},"end":{"line":110,"column":22}}]},"28":{"type":"branch","line":110,"loc":{"start":{"line":110,"column":22},"end":{"line":112,"column":5}},"locations":[{"start":{"line":110,"column":22},"end":{"line":112,"column":5}}]},"29":{"type":"branch","line":112,"loc":{"start":{"line":112,"column":4},"end":{"line":119,"column":35}},"locations":[{"start":{"line":112,"column":4},"end":{"line":119,"column":35}}]},"30":{"type":"branch","line":125,"loc":{"start":{"line":125,"column":2},"end":{"line":145,"column":3}},"locations":[{"start":{"line":125,"column":2},"end":{"line":145,"column":3}}]},"31":{"type":"branch","line":126,"loc":{"start":{"line":126,"column":24},"end":{"line":128,"column":5}},"locations":[{"start":{"line":126,"column":24},"end":{"line":128,"column":5}}]},"32":{"type":"branch","line":128,"loc":{"start":{"line":128,"column":4},"end":{"line":130,"column":50}},"locations":[{"start":{"line":128,"column":4},"end":{"line":130,"column":50}}]},"33":{"type":"branch","line":130,"loc":{"start":{"line":130,"column":35},"end":{"line":130,"column":86}},"locations":[{"start":{"line":130,"column":35},"end":{"line":130,"column":86}}]},"34":{"type":"branch","line":130,"loc":{"start":{"line":130,"column":86},"end":{"line":133,"column":5}},"locations":[{"start":{"line":130,"column":86},"end":{"line":133,"column":5}}]},"35":{"type":"branch","line":133,"loc":{"start":{"line":133,"column":4},"end":{"line":135,"column":23}},"locations":[{"start":{"line":133,"column":4},"end":{"line":135,"column":23}}]},"36":{"type":"branch","line":135,"loc":{"start":{"line":135,"column":23},"end":{"line":137,"column":5}},"locations":[{"start":{"line":135,"column":23},"end":{"line":137,"column":5}}]},"37":{"type":"branch","line":137,"loc":{"start":{"line":137,"column":4},"end":{"line":144,"column":36}},"locations":[{"start":{"line":137,"column":4},"end":{"line":144,"column":36}}]},"38":{"type":"branch","line":150,"loc":{"start":{"line":150,"column":2},"end":{"line":156,"column":3}},"locations":[{"start":{"line":150,"column":2},"end":{"line":156,"column":3}}]},"39":{"type":"branch","line":151,"loc":{"start":{"line":151,"column":22},"end":{"line":155,"column":5}},"locations":[{"start":{"line":151,"column":22},"end":{"line":155,"column":5}}]},"40":{"type":"branch","line":161,"loc":{"start":{"line":161,"column":2},"end":{"line":176,"column":3}},"locations":[{"start":{"line":161,"column":2},"end":{"line":176,"column":3}}]},"41":{"type":"branch","line":162,"loc":{"start":{"line":162,"column":24},"end":{"line":164,"column":5}},"locations":[{"start":{"line":162,"column":24},"end":{"line":164,"column":5}}]},"42":{"type":"branch","line":164,"loc":{"start":{"line":164,"column":4},"end":{"line":166,"column":36}},"locations":[{"start":{"line":164,"column":4},"end":{"line":166,"column":36}}]},"43":{"type":"branch","line":166,"loc":{"start":{"line":166,"column":36},"end":{"line":175,"column":5}},"locations":[{"start":{"line":166,"column":36},"end":{"line":175,"column":5}}]},"44":{"type":"branch","line":170,"loc":{"start":{"line":170,"column":26},"end":{"line":174,"column":7}},"locations":[{"start":{"line":170,"column":26},"end":{"line":174,"column":7}}]},"45":{"type":"branch","line":181,"loc":{"start":{"line":181,"column":2},"end":{"line":187,"column":3}},"locations":[{"start":{"line":181,"column":2},"end":{"line":187,"column":3}}]},"46":{"type":"branch","line":183,"loc":{"start":{"line":183,"column":33},"end":{"line":184,"column":41}},"locations":[{"start":{"line":183,"column":33},"end":{"line":184,"column":41}}]},"47":{"type":"branch","line":184,"loc":{"start":{"line":184,"column":33},"end":{"line":185,"column":39}},"locations":[{"start":{"line":184,"column":33},"end":{"line":185,"column":39}}]},"48":{"type":"branch","line":192,"loc":{"start":{"line":192,"column":2},"end":{"line":194,"column":3}},"locations":[{"start":{"line":192,"column":2},"end":{"line":194,"column":3}}]},"49":{"type":"branch","line":199,"loc":{"start":{"line":199,"column":12},"end":{"line":210,"column":3}},"locations":[{"start":{"line":199,"column":12},"end":{"line":210,"column":3}}]},"50":{"type":"branch","line":205,"loc":{"start":{"line":205,"column":25},"end":{"line":209,"column":91}},"locations":[{"start":{"line":205,"column":25},"end":{"line":209,"column":91}}]},"51":{"type":"branch","line":205,"loc":{"start":{"line":205,"column":25},"end":{"line":207,"column":5}},"locations":[{"start":{"line":205,"column":25},"end":{"line":207,"column":5}}]},"52":{"type":"branch","line":215,"loc":{"start":{"line":215,"column":12},"end":{"line":221,"column":3}},"locations":[{"start":{"line":215,"column":12},"end":{"line":221,"column":3}}]},"53":{"type":"branch","line":216,"loc":{"start":{"line":216,"column":25},"end":{"line":218,"column":5}},"locations":[{"start":{"line":216,"column":25},"end":{"line":218,"column":5}}]},"54":{"type":"branch","line":226,"loc":{"start":{"line":226,"column":12},"end":{"line":232,"column":3}},"locations":[{"start":{"line":226,"column":12},"end":{"line":232,"column":3}}]},"55":{"type":"branch","line":227,"loc":{"start":{"line":227,"column":25},"end":{"line":229,"column":5}},"locations":[{"start":{"line":227,"column":25},"end":{"line":229,"column":5}}]},"56":{"type":"branch","line":237,"loc":{"start":{"line":237,"column":12},"end":{"line":243,"column":3}},"locations":[{"start":{"line":237,"column":12},"end":{"line":243,"column":3}}]},"57":{"type":"branch","line":238,"loc":{"start":{"line":238,"column":25},"end":{"line":240,"column":5}},"locations":[{"start":{"line":238,"column":25},"end":{"line":240,"column":5}}]},"58":{"type":"branch","line":240,"loc":{"start":{"line":240,"column":4},"end":{"line":242,"column":63}},"locations":[{"start":{"line":240,"column":4},"end":{"line":242,"column":63}}]},"59":{"type":"branch","line":253,"loc":{"start":{"line":253,"column":12},"end":{"line":255,"column":3}},"locations":[{"start":{"line":253,"column":12},"end":{"line":255,"column":3}}]},"60":{"type":"branch","line":260,"loc":{"start":{"line":260,"column":2},"end":{"line":280,"column":3}},"locations":[{"start":{"line":260,"column":2},"end":{"line":280,"column":3}}]},"61":{"type":"branch","line":261,"loc":{"start":{"line":261,"column":24},"end":{"line":263,"column":5}},"locations":[{"start":{"line":261,"column":24},"end":{"line":263,"column":5}}]},"62":{"type":"branch","line":263,"loc":{"start":{"line":263,"column":4},"end":{"line":269,"column":24}},"locations":[{"start":{"line":263,"column":4},"end":{"line":269,"column":24}}]},"63":{"type":"branch","line":269,"loc":{"start":{"line":269,"column":24},"end":{"line":271,"column":5}},"locations":[{"start":{"line":269,"column":24},"end":{"line":271,"column":5}}]},"64":{"type":"branch","line":271,"loc":{"start":{"line":271,"column":4},"end":{"line":279,"column":38}},"locations":[{"start":{"line":271,"column":4},"end":{"line":279,"column":38}}]},"65":{"type":"branch","line":285,"loc":{"start":{"line":285,"column":2},"end":{"line":294,"column":3}},"locations":[{"start":{"line":285,"column":2},"end":{"line":294,"column":3}}]},"66":{"type":"branch","line":287,"loc":{"start":{"line":287,"column":14},"end":{"line":293,"column":5}},"locations":[{"start":{"line":287,"column":14},"end":{"line":293,"column":5}}]},"67":{"type":"branch","line":289,"loc":{"start":{"line":289,"column":19},"end":{"line":290,"column":15}},"locations":[{"start":{"line":289,"column":19},"end":{"line":290,"column":15}}]},"68":{"type":"branch","line":290,"loc":{"start":{"line":290,"column":6},"end":{"line":292,"column":7}},"locations":[{"start":{"line":290,"column":6},"end":{"line":292,"column":7}}]}},"b":{"0":[2],"1":[255],"2":[255],"3":[254],"4":[45],"5":[245],"6":[254],"7":[238],"8":[12],"9":[3],"10":[243],"11":[1],"12":[242],"13":[1],"14":[241],"15":[234],"16":[220],"17":[1],"18":[219],"19":[218],"20":[1],"21":[218],"22":[2007],"23":[1],"24":[2006],"25":[2005],"26":[1],"27":[2005],"28":[41],"29":[1964],"30":[2018],"31":[1],"32":[2017],"33":[2016],"34":[1],"35":[2016],"36":[22],"37":[1994],"38":[1002],"39":[501],"40":[4],"41":[1],"42":[3],"43":[2],"44":[1],"45":[209],"46":[208],"47":[181],"48":[2],"49":[290],"50":[289],"51":[1],"52":[103],"53":[0],"54":[103],"55":[0],"56":[289],"57":[178],"58":[111],"59":[8],"60":[207],"61":[1],"62":[206],"63":[27],"64":[206],"65":[4417],"66":[116],"67":[112],"68":[4]},"fnMap":{"0":{"name":"<static_initializer>","decl":{"start":{"line":9,"column":2},"end":{"line":9,"column":32}},"loc":{"start":{"line":9,"column":2},"end":{"line":9,"column":32}},"line":9},"1":{"name":"<instance_members_initializer>","decl":{"start":{"line":11,"column":11},"end":{"line":19,"column":28}},"loc":{"start":{"line":11,"column":11},"end":{"line":19,"column":28}},"line":11},"2":{"name":"Layer","decl":{"start":{"line":21,"column":2},"end":{"line":27,"column":3}},"loc":{"start":{"line":21,"column":2},"end":{"line":27,"column":3}},"line":21},"3":{"name":"get state","decl":{"start":{"line":32,"column":2},"end":{"line":34,"column":3}},"loc":{"start":{"line":32,"column":2},"end":{"line":34,"column":3}},"line":32},"4":{"name":"get renderer","decl":{"start":{"line":39,"column":2},"end":{"line":41,"column":3}},"loc":{"start":{"line":39,"column":2},"end":{"line":41,"column":3}},"line":39},"5":{"name":"add","decl":{"start":{"line":46,"column":2},"end":{"line":70,"column":3}},"loc":{"start":{"line":46,"column":2},"end":{"line":70,"column":3}},"line":46},"6":{"name":"remove","decl":{"start":{"line":75,"column":2},"end":{"line":95,"column":3}},"loc":{"start":{"line":75,"column":2},"end":{"line":95,"column":3}},"line":75},"7":{"name":"show","decl":{"start":{"line":100,"column":2},"end":{"line":120,"column":3}},"loc":{"start":{"line":100,"column":2},"end":{"line":120,"column":3}},"line":100},"8":{"name":"hide","decl":{"start":{"line":125,"column":2},"end":{"line":145,"column":3}},"loc":{"start":{"line":125,"column":2},"end":{"line":145,"column":3}},"line":125},"9":{"name":"toggle","decl":{"start":{"line":150,"column":2},"end":{"line":156,"column":3}},"loc":{"start":{"line":150,"column":2},"end":{"line":156,"column":3}},"line":150},"10":{"name":"setPriority","decl":{"start":{"line":161,"column":2},"end":{"line":176,"column":3}},"loc":{"start":{"line":161,"column":2},"end":{"line":176,"column":3}},"line":161},"11":{"name":"isAdded","decl":{"start":{"line":181,"column":2},"end":{"line":187,"column":3}},"loc":{"start":{"line":181,"column":2},"end":{"line":187,"column":3}},"line":181},"12":{"name":"isVisible","decl":{"start":{"line":192,"column":2},"end":{"line":194,"column":3}},"loc":{"start":{"line":192,"column":2},"end":{"line":194,"column":3}},"line":192},"13":{"name":"registerResource","decl":{"start":{"line":199,"column":12},"end":{"line":210,"column":3}},"loc":{"start":{"line":199,"column":12},"end":{"line":210,"column":3}},"line":199},"14":{"name":"addResourceRef","decl":{"start":{"line":215,"column":12},"end":{"line":221,"column":3}},"loc":{"start":{"line":215,"column":12},"end":{"line":221,"column":3}},"line":215},"15":{"name":"releaseResourceRef","decl":{"start":{"line":226,"column":12},"end":{"line":232,"column":3}},"loc":{"start":{"line":226,"column":12},"end":{"line":232,"column":3}},"line":226},"16":{"name":"disposeResource","decl":{"start":{"line":237,"column":12},"end":{"line":243,"column":3}},"loc":{"start":{"line":237,"column":12},"end":{"line":243,"column":3}},"line":237},"17":{"name":"disposeResources","decl":{"start":{"line":253,"column":12},"end":{"line":255,"column":3}},"loc":{"start":{"line":253,"column":12},"end":{"line":255,"column":3}},"line":253},"18":{"name":"dispose","decl":{"start":{"line":260,"column":2},"end":{"line":280,"column":3}},"loc":{"start":{"line":260,"column":2},"end":{"line":280,"column":3}},"line":260},"19":{"name":"_triggerHook","decl":{"start":{"line":285,"column":2},"end":{"line":294,"column":3}},"loc":{"start":{"line":285,"column":2},"end":{"line":294,"column":3}},"line":285}},"f":{"0":2,"1":255,"2":255,"3":12,"4":3,"5":243,"6":220,"7":2007,"8":2018,"9":1002,"10":4,"11":209,"12":2,"13":290,"14":103,"15":103,"16":289,"17":8,"18":207,"19":4417}}
,"/Users/ldy/Desktop/test/map/src/renderer/RenderPipeline.ts": {"path":"/Users/ldy/Desktop/test/map/src/renderer/RenderPipeline.ts","all":false,"statementMap":{"0":{"start":{"line":1,"column":0},"end":{"line":1,"column":74}},"1":{"start":{"line":2,"column":0},"end":{"line":2,"column":0}},"2":{"start":{"line":3,"column":0},"end":{"line":3,"column":3}},"3":{"start":{"line":4,"column":0},"end":{"line":4,"column":7}},"4":{"start":{"line":5,"column":0},"end":{"line":5,"column":3}},"5":{"start":{"line":6,"column":0},"end":{"line":6,"column":25}},"6":{"start":{"line":7,"column":0},"end":{"line":7,"column":13}},"7":{"start":{"line":8,"column":0},"end":{"line":8,"column":9}},"8":{"start":{"line":9,"column":0},"end":{"line":9,"column":14}},"9":{"start":{"line":10,"column":0},"end":{"line":10,"column":1}},"10":{"start":{"line":11,"column":0},"end":{"line":11,"column":0}},"11":{"start":{"line":12,"column":0},"end":{"line":12,"column":3}},"12":{"start":{"line":13,"column":0},"end":{"line":13,"column":7}},"13":{"start":{"line":14,"column":0},"end":{"line":14,"column":43}},"14":{"start":{"line":15,"column":0},"end":{"line":15,"column":3}},"15":{"start":{"line":16,"column":0},"end":{"line":16,"column":29}},"16":{"start":{"line":17,"column":0},"end":{"line":17,"column":55}},"17":{"start":{"line":18,"column":0},"end":{"line":18,"column":43}},"18":{"start":{"line":19,"column":0},"end":{"line":19,"column":24}},"19":{"start":{"line":20,"column":0},"end":{"line":20,"column":34}},"20":{"start":{"line":21,"column":0},"end":{"line":21,"column":11}},"21":{"start":{"line":22,"column":0},"end":{"line":22,"column":17}},"22":{"start":{"line":23,"column":0},"end":{"line":23,"column":17}},"23":{"start":{"line":24,"column":0},"end":{"line":24,"column":21}},"24":{"start":{"line":25,"column":0},"end":{"line":25,"column":4}},"25":{"start":{"line":26,"column":0},"end":{"line":26,"column":29}},"26":{"start":{"line":27,"column":0},"end":{"line":27,"column":26}},"27":{"start":{"line":28,"column":0},"end":{"line":28,"column":29}},"28":{"start":{"line":29,"column":0},"end":{"line":29,"column":0}},"29":{"start":{"line":30,"column":0},"end":{"line":30,"column":52}},"30":{"start":{"line":31,"column":0},"end":{"line":31,"column":0}},"31":{"start":{"line":32,"column":0},"end":{"line":32,"column":5}},"32":{"start":{"line":33,"column":0},"end":{"line":33,"column":11}},"33":{"start":{"line":34,"column":0},"end":{"line":34,"column":5}},"34":{"start":{"line":35,"column":0},"end":{"line":35,"column":36}},"35":{"start":{"line":36,"column":0},"end":{"line":36,"column":35}},"36":{"start":{"line":37,"column":0},"end":{"line":37,"column":62}},"37":{"start":{"line":38,"column":0},"end":{"line":38,"column":5}},"38":{"start":{"line":39,"column":0},"end":{"line":39,"column":0}},"39":{"start":{"line":40,"column":0},"end":{"line":40,"column":35}},"40":{"start":{"line":41,"column":0},"end":{"line":41,"column":23}},"41":{"start":{"line":42,"column":0},"end":{"line":42,"column":3}},"42":{"start":{"line":43,"column":0},"end":{"line":43,"column":0}},"43":{"start":{"line":44,"column":0},"end":{"line":44,"column":5}},"44":{"start":{"line":45,"column":0},"end":{"line":45,"column":11}},"45":{"start":{"line":46,"column":0},"end":{"line":46,"column":5}},"46":{"start":{"line":47,"column":0},"end":{"line":47,"column":32}},"47":{"start":{"line":48,"column":0},"end":{"line":48,"column":33}},"48":{"start":{"line":49,"column":0},"end":{"line":49,"column":25}},"49":{"start":{"line":50,"column":0},"end":{"line":50,"column":5}},"50":{"start":{"line":51,"column":0},"end":{"line":51,"column":3}},"51":{"start":{"line":52,"column":0},"end":{"line":52,"column":0}},"52":{"start":{"line":53,"column":0},"end":{"line":53,"column":5}},"53":{"start":{"line":54,"column":0},"end":{"line":54,"column":11}},"54":{"start":{"line":55,"column":0},"end":{"line":55,"column":5}},"55":{"start":{"line":56,"column":0},"end":{"line":56,"column":48}},"56":{"start":{"line":57,"column":0},"end":{"line":57,"column":31}},"57":{"start":{"line":58,"column":0},"end":{"line":58,"column":3}},"58":{"start":{"line":59,"column":0},"end":{"line":59,"column":0}},"59":{"start":{"line":60,"column":0},"end":{"line":60,"column":5}},"60":{"start":{"line":61,"column":0},"end":{"line":61,"column":11}},"61":{"start":{"line":62,"column":0},"end":{"line":62,"column":5}},"62":{"start":{"line":63,"column":0},"end":{"line":63,"column":71}},"63":{"start":{"line":64,"column":0},"end":{"line":64,"column":37}},"64":{"start":{"line":65,"column":0},"end":{"line":65,"column":16}},"65":{"start":{"line":66,"column":0},"end":{"line":66,"column":52}},"66":{"start":{"line":67,"column":0},"end":{"line":67,"column":5}},"67":{"start":{"line":68,"column":0},"end":{"line":68,"column":19}},"68":{"start":{"line":69,"column":0},"end":{"line":69,"column":23}},"69":{"start":{"line":70,"column":0},"end":{"line":70,"column":3}},"70":{"start":{"line":71,"column":0},"end":{"line":71,"column":0}},"71":{"start":{"line":72,"column":0},"end":{"line":72,"column":5}},"72":{"start":{"line":73,"column":0},"end":{"line":73,"column":17}},"73":{"start":{"line":74,"column":0},"end":{"line":74,"column":5}},"74":{"start":{"line":75,"column":0},"end":{"line":75,"column":30}},"75":{"start":{"line":76,"column":0},"end":{"line":76,"column":29}},"76":{"start":{"line":77,"column":0},"end":{"line":77,"column":0}},"77":{"start":{"line":78,"column":0},"end":{"line":78,"column":56}},"78":{"start":{"line":79,"column":0},"end":{"line":79,"column":37}},"79":{"start":{"line":80,"column":0},"end":{"line":80,"column":47}},"80":{"start":{"line":81,"column":0},"end":{"line":81,"column":0}},"81":{"start":{"line":82,"column":0},"end":{"line":82,"column":53}},"82":{"start":{"line":83,"column":0},"end":{"line":83,"column":24}},"83":{"start":{"line":84,"column":0},"end":{"line":84,"column":3}},"84":{"start":{"line":85,"column":0},"end":{"line":85,"column":0}},"85":{"start":{"line":86,"column":0},"end":{"line":86,"column":5}},"86":{"start":{"line":87,"column":0},"end":{"line":87,"column":11}},"87":{"start":{"line":88,"column":0},"end":{"line":88,"column":5}},"88":{"start":{"line":89,"column":0},"end":{"line":89,"column":36}},"89":{"start":{"line":90,"column":0},"end":{"line":90,"column":34}},"90":{"start":{"line":91,"column":0},"end":{"line":91,"column":0}},"91":{"start":{"line":92,"column":0},"end":{"line":92,"column":20}},"92":{"start":{"line":93,"column":0},"end":{"line":93,"column":31}},"93":{"start":{"line":94,"column":0},"end":{"line":94,"column":0}},"94":{"start":{"line":95,"column":0},"end":{"line":95,"column":16}},"95":{"start":{"line":96,"column":0},"end":{"line":96,"column":28}},"96":{"start":{"line":97,"column":0},"end":{"line":97,"column":0}},"97":{"start":{"line":98,"column":0},"end":{"line":98,"column":21}},"98":{"start":{"line":99,"column":0},"end":{"line":99,"column":32}},"99":{"start":{"line":100,"column":0},"end":{"line":100,"column":0}},"100":{"start":{"line":101,"column":0},"end":{"line":101,"column":13}},"101":{"start":{"line":102,"column":0},"end":{"line":102,"column":27}},"102":{"start":{"line":103,"column":0},"end":{"line":103,"column":3}},"103":{"start":{"line":104,"column":0},"end":{"line":104,"column":0}},"104":{"start":{"line":105,"column":0},"end":{"line":105,"column":5}},"105":{"start":{"line":106,"column":0},"end":{"line":106,"column":18}},"106":{"start":{"line":107,"column":0},"end":{"line":107,"column":5}},"107":{"start":{"line":108,"column":0},"end":{"line":108,"column":47}},"108":{"start":{"line":109,"column":0},"end":{"line":109,"column":22}},"109":{"start":{"line":110,"column":0},"end":{"line":110,"column":0}},"110":{"start":{"line":111,"column":0},"end":{"line":111,"column":33}},"111":{"start":{"line":112,"column":0},"end":{"line":112,"column":41}},"112":{"start":{"line":113,"column":0},"end":{"line":113,"column":81}},"113":{"start":{"line":114,"column":0},"end":{"line":114,"column":43}},"114":{"start":{"line":115,"column":0},"end":{"line":115,"column":7}},"115":{"start":{"line":116,"column":0},"end":{"line":116,"column":7}},"116":{"start":{"line":117,"column":0},"end":{"line":117,"column":3}},"117":{"start":{"line":118,"column":0},"end":{"line":118,"column":0}},"118":{"start":{"line":119,"column":0},"end":{"line":119,"column":5}},"119":{"start":{"line":120,"column":0},"end":{"line":120,"column":14}},"120":{"start":{"line":121,"column":0},"end":{"line":121,"column":5}},"121":{"start":{"line":122,"column":0},"end":{"line":122,"column":44}},"122":{"start":{"line":123,"column":0},"end":{"line":123,"column":36}},"123":{"start":{"line":124,"column":0},"end":{"line":124,"column":0}},"124":{"start":{"line":125,"column":0},"end":{"line":125,"column":12}},"125":{"start":{"line":126,"column":0},"end":{"line":126,"column":30}},"126":{"start":{"line":127,"column":0},"end":{"line":127,"column":56}},"127":{"start":{"line":128,"column":0},"end":{"line":128,"column":0}},"128":{"start":{"line":129,"column":0},"end":{"line":129,"column":31}},"129":{"start":{"line":130,"column":0},"end":{"line":130,"column":25}},"130":{"start":{"line":131,"column":0},"end":{"line":131,"column":40}},"131":{"start":{"line":132,"column":0},"end":{"line":132,"column":31}},"132":{"start":{"line":133,"column":0},"end":{"line":133,"column":21}},"133":{"start":{"line":134,"column":0},"end":{"line":134,"column":6}},"134":{"start":{"line":135,"column":0},"end":{"line":135,"column":0}},"135":{"start":{"line":136,"column":0},"end":{"line":136,"column":13}},"136":{"start":{"line":137,"column":0},"end":{"line":137,"column":41}},"137":{"start":{"line":138,"column":0},"end":{"line":138,"column":31}},"138":{"start":{"line":139,"column":0},"end":{"line":139,"column":7}},"139":{"start":{"line":140,"column":0},"end":{"line":140,"column":3}},"140":{"start":{"line":141,"column":0},"end":{"line":141,"column":0}},"141":{"start":{"line":142,"column":0},"end":{"line":142,"column":5}},"142":{"start":{"line":143,"column":0},"end":{"line":143,"column":19}},"143":{"start":{"line":144,"column":0},"end":{"line":144,"column":5}},"144":{"start":{"line":145,"column":0},"end":{"line":145,"column":48}},"145":{"start":{"line":146,"column":0},"end":{"line":146,"column":34}},"146":{"start":{"line":147,"column":0},"end":{"line":147,"column":41}},"147":{"start":{"line":148,"column":0},"end":{"line":148,"column":83}},"148":{"start":{"line":149,"column":0},"end":{"line":149,"column":44}},"149":{"start":{"line":150,"column":0},"end":{"line":150,"column":7}},"150":{"start":{"line":151,"column":0},"end":{"line":151,"column":7}},"151":{"start":{"line":152,"column":0},"end":{"line":152,"column":3}},"152":{"start":{"line":153,"column":0},"end":{"line":153,"column":0}},"153":{"start":{"line":154,"column":0},"end":{"line":154,"column":5}},"154":{"start":{"line":155,"column":0},"end":{"line":155,"column":11}},"155":{"start":{"line":156,"column":0},"end":{"line":156,"column":5}},"156":{"start":{"line":157,"column":0},"end":{"line":157,"column":43}},"157":{"start":{"line":158,"column":0},"end":{"line":158,"column":36}},"158":{"start":{"line":159,"column":0},"end":{"line":159,"column":32}},"159":{"start":{"line":160,"column":0},"end":{"line":160,"column":13}},"160":{"start":{"line":161,"column":0},"end":{"line":161,"column":5}},"161":{"start":{"line":162,"column":0},"end":{"line":162,"column":0}},"162":{"start":{"line":163,"column":0},"end":{"line":163,"column":48}},"163":{"start":{"line":164,"column":0},"end":{"line":164,"column":38}},"164":{"start":{"line":165,"column":0},"end":{"line":165,"column":0}},"165":{"start":{"line":166,"column":0},"end":{"line":166,"column":23}},"166":{"start":{"line":167,"column":0},"end":{"line":167,"column":44}},"167":{"start":{"line":168,"column":0},"end":{"line":168,"column":92}},"168":{"start":{"line":169,"column":0},"end":{"line":169,"column":27}},"169":{"start":{"line":170,"column":0},"end":{"line":170,"column":32}},"170":{"start":{"line":171,"column":0},"end":{"line":171,"column":5}},"171":{"start":{"line":172,"column":0},"end":{"line":172,"column":0}},"172":{"start":{"line":173,"column":0},"end":{"line":173,"column":30}},"173":{"start":{"line":174,"column":0},"end":{"line":174,"column":3}},"174":{"start":{"line":175,"column":0},"end":{"line":175,"column":0}},"175":{"start":{"line":176,"column":0},"end":{"line":176,"column":5}},"176":{"start":{"line":177,"column":0},"end":{"line":177,"column":11}},"177":{"start":{"line":178,"column":0},"end":{"line":178,"column":5}},"178":{"start":{"line":179,"column":0},"end":{"line":179,"column":28}},"179":{"start":{"line":180,"column":0},"end":{"line":180,"column":34}},"180":{"start":{"line":181,"column":0},"end":{"line":181,"column":22}},"181":{"start":{"line":182,"column":0},"end":{"line":182,"column":30}},"182":{"start":{"line":183,"column":0},"end":{"line":183,"column":3}},"183":{"start":{"line":184,"column":0},"end":{"line":184,"column":0}},"184":{"start":{"line":185,"column":0},"end":{"line":185,"column":5}},"185":{"start":{"line":186,"column":0},"end":{"line":186,"column":13}},"186":{"start":{"line":187,"column":0},"end":{"line":187,"column":5}},"187":{"start":{"line":188,"column":0},"end":{"line":188,"column":33}},"188":{"start":{"line":189,"column":0},"end":{"line":189,"column":36}},"189":{"start":{"line":190,"column":0},"end":{"line":190,"column":3}},"190":{"start":{"line":191,"column":0},"end":{"line":191,"column":0}},"191":{"start":{"line":192,"column":0},"end":{"line":192,"column":5}},"192":{"start":{"line":193,"column":0},"end":{"line":193,"column":11}},"193":{"start":{"line":194,"column":0},"end":{"line":194,"column":5}},"194":{"start":{"line":195,"column":0},"end":{"line":195,"column":22}},"195":{"start":{"line":196,"column":0},"end":{"line":196,"column":24}},"196":{"start":{"line":197,"column":0},"end":{"line":197,"column":27}},"197":{"start":{"line":198,"column":0},"end":{"line":198,"column":23}},"198":{"start":{"line":199,"column":0},"end":{"line":199,"column":3}},"199":{"start":{"line":200,"column":0},"end":{"line":200,"column":0}},"200":{"start":{"line":201,"column":0},"end":{"line":201,"column":5}},"201":{"start":{"line":202,"column":0},"end":{"line":202,"column":11}},"202":{"start":{"line":203,"column":0},"end":{"line":203,"column":5}},"203":{"start":{"line":204,"column":0},"end":{"line":204,"column":19}},"204":{"start":{"line":205,"column":0},"end":{"line":205,"column":22}},"205":{"start":{"line":206,"column":0},"end":{"line":206,"column":24}},"206":{"start":{"line":207,"column":0},"end":{"line":207,"column":27}},"207":{"start":{"line":208,"column":0},"end":{"line":208,"column":3}},"208":{"start":{"line":209,"column":0},"end":{"line":209,"column":1}}},"s":{"0":1,"1":1,"2":1,"3":1,"4":1,"5":1,"6":1,"7":1,"8":1,"9":1,"10":1,"11":1,"12":1,"13":1,"14":1,"15":1,"16":1,"17":1,"18":1,"19":1,"20":1,"21":1,"22":1,"23":1,"24":1,"25":1,"26":1,"27":1,"28":1,"29":1,"30":1,"31":1,"32":1,"33":1,"34":1,"35":1537,"36":0,"37":0,"38":1537,"39":1537,"40":1537,"41":1537,"42":1,"43":1,"44":1,"45":1,"46":1,"47":1309,"48":1308,"49":1308,"50":1309,"51":1,"52":1,"53":1,"54":1,"55":1,"56":4,"57":4,"58":1,"59":1,"60":1,"61":1,"62":1,"63":0,"64":0,"65":0,"66":0,"67":0,"68":0,"69":0,"70":1,"71":1,"72":1,"73":1,"74":1,"75":791,"76":124,"77":124,"78":124,"79":124,"80":124,"81":124,"82":124,"83":791,"84":1,"85":1,"86":1,"87":1,"88":1,"89":779,"90":779,"91":779,"92":779,"93":779,"94":779,"95":779,"96":779,"97":779,"98":779,"99":779,"100":779,"101":779,"102":779,"103":1,"104":1,"105":1,"106":1,"107":1,"108":779,"109":779,"110":779,"111":779,"112":108590,"113":0,"114":0,"115":779,"116":779,"117":1,"118":1,"119":1,"120":1,"121":1,"122":779,"123":779,"124":779,"125":779,"126":779,"127":779,"128":779,"129":779,"130":779,"131":779,"132":779,"133":779,"134":779,"135":779,"136":779,"137":108590,"138":779,"139":779,"140":1,"141":1,"142":1,"143":1,"144":1,"145":779,"146":779,"147":108590,"148":0,"149":0,"150":779,"151":779,"152":1,"153":1,"154":1,"155":1,"156":1,"157":779,"158":21,"159":21,"160":21,"161":758,"162":758,"163":758,"164":758,"165":758,"166":774,"167":12,"168":12,"169":12,"170":12,"171":758,"172":758,"173":779,"174":1,"175":1,"176":1,"177":1,"178":1,"179":12,"180":12,"181":12,"182":12,"183":1,"184":1,"185":1,"186":1,"187":1,"188":0,"189":0,"190":1,"191":1,"192":1,"193":1,"194":1,"195":46,"196":46,"197":46,"198":46,"199":1,"200":1,"201":1,"202":1,"203":1,"204":46,"205":46,"206":46,"207":46,"208":1},"branchMap":{"0":{"type":"branch","line":6,"loc":{"start":{"line":6,"column":7},"end":{"line":6,"column":25}},"locations":[{"start":{"line":6,"column":7},"end":{"line":6,"column":25}}]},"1":{"type":"branch","line":30,"loc":{"start":{"line":30,"column":2},"end":{"line":30,"column":52}},"locations":[{"start":{"line":30,"column":2},"end":{"line":30,"column":52}}]},"2":{"type":"branch","line":35,"loc":{"start":{"line":35,"column":2},"end":{"line":42,"column":3}},"locations":[{"start":{"line":35,"column":2},"end":{"line":42,"column":3}}]},"3":{"type":"branch","line":36,"loc":{"start":{"line":36,"column":34},"end":{"line":38,"column":5}},"locations":[{"start":{"line":36,"column":34},"end":{"line":38,"column":5}}]},"4":{"type":"branch","line":47,"loc":{"start":{"line":47,"column":2},"end":{"line":51,"column":3}},"locations":[{"start":{"line":47,"column":2},"end":{"line":51,"column":3}}]},"5":{"type":"branch","line":48,"loc":{"start":{"line":48,"column":32},"end":{"line":50,"column":5}},"locations":[{"start":{"line":48,"column":32},"end":{"line":50,"column":5}}]},"6":{"type":"branch","line":56,"loc":{"start":{"line":56,"column":2},"end":{"line":58,"column":3}},"locations":[{"start":{"line":56,"column":2},"end":{"line":58,"column":3}}]},"7":{"type":"branch","line":75,"loc":{"start":{"line":75,"column":10},"end":{"line":84,"column":3}},"locations":[{"start":{"line":75,"column":10},"end":{"line":84,"column":3}}]},"8":{"type":"branch","line":76,"loc":{"start":{"line":76,"column":22},"end":{"line":76,"column":29}},"locations":[{"start":{"line":76,"column":22},"end":{"line":76,"column":29}}]},"9":{"type":"branch","line":76,"loc":{"start":{"line":76,"column":22},"end":{"line":83,"column":24}},"locations":[{"start":{"line":76,"column":22},"end":{"line":83,"column":24}}]},"10":{"type":"branch","line":79,"loc":{"start":{"line":79,"column":14},"end":{"line":79,"column":36}},"locations":[{"start":{"line":79,"column":14},"end":{"line":79,"column":36}}]},"11":{"type":"branch","line":80,"loc":{"start":{"line":80,"column":12},"end":{"line":80,"column":45}},"locations":[{"start":{"line":80,"column":12},"end":{"line":80,"column":45}}]},"12":{"type":"branch","line":89,"loc":{"start":{"line":89,"column":2},"end":{"line":103,"column":3}},"locations":[{"start":{"line":89,"column":2},"end":{"line":103,"column":3}}]},"13":{"type":"branch","line":108,"loc":{"start":{"line":108,"column":10},"end":{"line":117,"column":3}},"locations":[{"start":{"line":108,"column":10},"end":{"line":117,"column":3}}]},"14":{"type":"branch","line":112,"loc":{"start":{"line":112,"column":30},"end":{"line":116,"column":5}},"locations":[{"start":{"line":112,"column":30},"end":{"line":116,"column":5}}]},"15":{"type":"branch","line":113,"loc":{"start":{"line":113,"column":25},"end":{"line":113,"column":80}},"locations":[{"start":{"line":113,"column":25},"end":{"line":113,"column":80}}]},"16":{"type":"branch","line":113,"loc":{"start":{"line":113,"column":80},"end":{"line":115,"column":7}},"locations":[{"start":{"line":113,"column":80},"end":{"line":115,"column":7}}]},"17":{"type":"branch","line":122,"loc":{"start":{"line":122,"column":10},"end":{"line":140,"column":3}},"locations":[{"start":{"line":122,"column":10},"end":{"line":140,"column":3}}]},"18":{"type":"branch","line":137,"loc":{"start":{"line":137,"column":30},"end":{"line":139,"column":5}},"locations":[{"start":{"line":137,"column":30},"end":{"line":139,"column":5}}]},"19":{"type":"branch","line":145,"loc":{"start":{"line":145,"column":10},"end":{"line":152,"column":3}},"locations":[{"start":{"line":145,"column":10},"end":{"line":152,"column":3}}]},"20":{"type":"branch","line":147,"loc":{"start":{"line":147,"column":30},"end":{"line":151,"column":5}},"locations":[{"start":{"line":147,"column":30},"end":{"line":151,"column":5}}]},"21":{"type":"branch","line":148,"loc":{"start":{"line":148,"column":26},"end":{"line":148,"column":82}},"locations":[{"start":{"line":148,"column":26},"end":{"line":148,"column":82}}]},"22":{"type":"branch","line":148,"loc":{"start":{"line":148,"column":82},"end":{"line":150,"column":7}},"locations":[{"start":{"line":148,"column":82},"end":{"line":150,"column":7}}]},"23":{"type":"branch","line":157,"loc":{"start":{"line":157,"column":10},"end":{"line":174,"column":3}},"locations":[{"start":{"line":157,"column":10},"end":{"line":174,"column":3}}]},"24":{"type":"branch","line":158,"loc":{"start":{"line":158,"column":35},"end":{"line":161,"column":5}},"locations":[{"start":{"line":158,"column":35},"end":{"line":161,"column":5}}]},"25":{"type":"branch","line":161,"loc":{"start":{"line":161,"column":4},"end":{"line":173,"column":30}},"locations":[{"start":{"line":161,"column":4},"end":{"line":173,"column":30}}]},"26":{"type":"branch","line":161,"loc":{"start":{"line":161,"column":4},"end":{"line":167,"column":43}},"locations":[{"start":{"line":161,"column":4},"end":{"line":167,"column":43}}]},"27":{"type":"branch","line":167,"loc":{"start":{"line":167,"column":43},"end":{"line":171,"column":5}},"locations":[{"start":{"line":167,"column":43},"end":{"line":171,"column":5}}]},"28":{"type":"branch","line":171,"loc":{"start":{"line":171,"column":4},"end":{"line":173,"column":30}},"locations":[{"start":{"line":171,"column":4},"end":{"line":173,"column":30}}]},"29":{"type":"branch","line":179,"loc":{"start":{"line":179,"column":2},"end":{"line":183,"column":3}},"locations":[{"start":{"line":179,"column":2},"end":{"line":183,"column":3}}]},"30":{"type":"branch","line":195,"loc":{"start":{"line":195,"column":2},"end":{"line":199,"column":3}},"locations":[{"start":{"line":195,"column":2},"end":{"line":199,"column":3}}]},"31":{"type":"branch","line":204,"loc":{"start":{"line":204,"column":2},"end":{"line":208,"column":3}},"locations":[{"start":{"line":204,"column":2},"end":{"line":208,"column":3}}]}},"b":{"0":[4],"1":[46],"2":[1537],"3":[0],"4":[1309],"5":[1308],"6":[4],"7":[791],"8":[667],"9":[124],"10":[1329],"11":[6910],"12":[779],"13":[779],"14":[108590],"15":[0],"16":[0],"17":[779],"18":[108590],"19":[779],"20":[108590],"21":[0],"22":[0],"23":[779],"24":[21],"25":[774],"26":[758],"27":[12],"28":[758],"29":[12],"30":[46],"31":[46]},"fnMap":{"0":{"name":"RenderPipeline","decl":{"start":{"line":30,"column":2},"end":{"line":30,"column":52}},"loc":{"start":{"line":30,"column":2},"end":{"line":30,"column":52}},"line":30},"1":{"name":"addNode","decl":{"start":{"line":35,"column":2},"end":{"line":42,"column":3}},"loc":{"start":{"line":35,"column":2},"end":{"line":42,"column":3}},"line":35},"2":{"name":"removeNode","decl":{"start":{"line":47,"column":2},"end":{"line":51,"column":3}},"loc":{"start":{"line":47,"column":2},"end":{"line":51,"column":3}},"line":47},"3":{"name":"getNode","decl":{"start":{"line":56,"column":2},"end":{"line":58,"column":3}},"loc":{"start":{"line":56,"column":2},"end":{"line":58,"column":3}},"line":56},"4":{"name":"updateNode","decl":{"start":{"line":63,"column":2},"end":{"line":70,"column":3}},"loc":{"start":{"line":63,"column":2},"end":{"line":70,"column":3}},"line":63},"5":{"name":"_sortNodes","decl":{"start":{"line":75,"column":10},"end":{"line":84,"column":3}},"loc":{"start":{"line":75,"column":10},"end":{"line":84,"column":3}},"line":75},"6":{"name":"execute","decl":{"start":{"line":89,"column":2},"end":{"line":103,"column":3}},"loc":{"start":{"line":89,"column":2},"end":{"line":103,"column":3}},"line":89},"7":{"name":"_preRender","decl":{"start":{"line":108,"column":10},"end":{"line":117,"column":3}},"loc":{"start":{"line":108,"column":10},"end":{"line":117,"column":3}},"line":108},"8":{"name":"_render","decl":{"start":{"line":122,"column":10},"end":{"line":140,"column":3}},"loc":{"start":{"line":122,"column":10},"end":{"line":140,"column":3}},"line":122},"9":{"name":"_postRender","decl":{"start":{"line":145,"column":10},"end":{"line":152,"column":3}},"loc":{"start":{"line":145,"column":10},"end":{"line":152,"column":3}},"line":145},"10":{"name":"_updateStats","decl":{"start":{"line":157,"column":10},"end":{"line":174,"column":3}},"loc":{"start":{"line":157,"column":10},"end":{"line":174,"column":3}},"line":157},"11":{"name":"getStats","decl":{"start":{"line":179,"column":2},"end":{"line":183,"column":3}},"loc":{"start":{"line":179,"column":2},"end":{"line":183,"column":3}},"line":179},"12":{"name":"getVisibleNodeCount","decl":{"start":{"line":188,"column":2},"end":{"line":190,"column":3}},"loc":{"start":{"line":188,"column":2},"end":{"line":190,"column":3}},"line":188},"13":{"name":"clearNodes","decl":{"start":{"line":195,"column":2},"end":{"line":199,"column":3}},"loc":{"start":{"line":195,"column":2},"end":{"line":199,"column":3}},"line":195},"14":{"name":"dispose","decl":{"start":{"line":204,"column":2},"end":{"line":208,"column":3}},"loc":{"start":{"line":204,"column":2},"end":{"line":208,"column":3}},"line":204}},"f":{"0":46,"1":1537,"2":1309,"3":4,"4":0,"5":791,"6":779,"7":779,"8":779,"9":779,"10":779,"11":12,"12":0,"13":46,"14":46}}
,"/Users/ldy/Desktop/test/map/src/renderer/Renderer.ts": {"path":"/Users/ldy/Desktop/test/map/src/renderer/Renderer.ts","all":false,"statementMap":{"0":{"start":{"line":1,"column":0},"end":{"line":1,"column":46}},"1":{"start":{"line":2,"column":0},"end":{"line":2,"column":55}},"2":{"start":{"line":3,"column":0},"end":{"line":3,"column":53}},"3":{"start":{"line":4,"column":0},"end":{"line":4,"column":13}},"4":{"start":{"line":5,"column":0},"end":{"line":5,"column":14}},"5":{"start":{"line":6,"column":0},"end":{"line":6,"column":18}},"6":{"start":{"line":7,"column":0},"end":{"line":7,"column":15}},"7":{"start":{"line":8,"column":0},"end":{"line":8,"column":15}},"8":{"start":{"line":9,"column":0},"end":{"line":9,"column":20}},"9":{"start":{"line":10,"column":0},"end":{"line":10,"column":0}},"10":{"start":{"line":11,"column":0},"end":{"line":11,"column":3}},"11":{"start":{"line":12,"column":0},"end":{"line":12,"column":15}},"12":{"start":{"line":13,"column":0},"end":{"line":13,"column":22}},"13":{"start":{"line":14,"column":0},"end":{"line":14,"column":3}},"14":{"start":{"line":15,"column":0},"end":{"line":15,"column":23}},"15":{"start":{"line":16,"column":0},"end":{"line":16,"column":28}},"16":{"start":{"line":17,"column":0},"end":{"line":17,"column":44}},"17":{"start":{"line":18,"column":0},"end":{"line":18,"column":50}},"18":{"start":{"line":19,"column":0},"end":{"line":19,"column":51}},"19":{"start":{"line":20,"column":0},"end":{"line":20,"column":45}},"20":{"start":{"line":21,"column":0},"end":{"line":21,"column":50}},"21":{"start":{"line":22,"column":0},"end":{"line":22,"column":29}},"22":{"start":{"line":23,"column":0},"end":{"line":23,"column":28}},"23":{"start":{"line":24,"column":0},"end":{"line":24,"column":24}},"24":{"start":{"line":25,"column":0},"end":{"line":25,"column":35}},"25":{"start":{"line":26,"column":0},"end":{"line":26,"column":51}},"26":{"start":{"line":27,"column":0},"end":{"line":27,"column":0}},"27":{"start":{"line":28,"column":0},"end":{"line":28,"column":41}},"28":{"start":{"line":29,"column":0},"end":{"line":29,"column":34}},"29":{"start":{"line":30,"column":0},"end":{"line":30,"column":50}},"30":{"start":{"line":31,"column":0},"end":{"line":31,"column":20}},"31":{"start":{"line":32,"column":0},"end":{"line":32,"column":41}},"32":{"start":{"line":33,"column":0},"end":{"line":33,"column":44}},"33":{"start":{"line":34,"column":0},"end":{"line":34,"column":56}},"34":{"start":{"line":35,"column":0},"end":{"line":35,"column":6}},"35":{"start":{"line":36,"column":0},"end":{"line":36,"column":58}},"36":{"start":{"line":37,"column":0},"end":{"line":37,"column":3}},"37":{"start":{"line":38,"column":0},"end":{"line":38,"column":0}},"38":{"start":{"line":39,"column":0},"end":{"line":39,"column":5}},"39":{"start":{"line":40,"column":0},"end":{"line":40,"column":10}},"40":{"start":{"line":41,"column":0},"end":{"line":41,"column":5}},"41":{"start":{"line":42,"column":0},"end":{"line":42,"column":79}},"42":{"start":{"line":43,"column":0},"end":{"line":43,"column":23}},"43":{"start":{"line":44,"column":0},"end":{"line":44,"column":63}},"44":{"start":{"line":45,"column":0},"end":{"line":45,"column":5}},"45":{"start":{"line":46,"column":0},"end":{"line":46,"column":0}},"46":{"start":{"line":47,"column":0},"end":{"line":47,"column":26}},"47":{"start":{"line":48,"column":0},"end":{"line":48,"column":66}},"48":{"start":{"line":49,"column":0},"end":{"line":49,"column":59}},"49":{"start":{"line":50,"column":0},"end":{"line":50,"column":0}},"50":{"start":{"line":51,"column":0},"end":{"line":51,"column":16}},"51":{"start":{"line":52,"column":0},"end":{"line":52,"column":35}},"52":{"start":{"line":53,"column":0},"end":{"line":53,"column":69}},"53":{"start":{"line":54,"column":0},"end":{"line":54,"column":30}},"54":{"start":{"line":55,"column":0},"end":{"line":55,"column":63}},"55":{"start":{"line":56,"column":0},"end":{"line":56,"column":7}},"56":{"start":{"line":57,"column":0},"end":{"line":57,"column":7}},"57":{"start":{"line":58,"column":0},"end":{"line":58,"column":3}},"58":{"start":{"line":59,"column":0},"end":{"line":59,"column":0}},"59":{"start":{"line":60,"column":0},"end":{"line":60,"column":5}},"60":{"start":{"line":61,"column":0},"end":{"line":61,"column":18}},"61":{"start":{"line":62,"column":0},"end":{"line":62,"column":5}},"62":{"start":{"line":63,"column":0},"end":{"line":63,"column":36}},"63":{"start":{"line":64,"column":0},"end":{"line":64,"column":28}},"64":{"start":{"line":65,"column":0},"end":{"line":65,"column":3}},"65":{"start":{"line":66,"column":0},"end":{"line":66,"column":0}},"66":{"start":{"line":67,"column":0},"end":{"line":67,"column":5}},"67":{"start":{"line":68,"column":0},"end":{"line":68,"column":12}},"68":{"start":{"line":69,"column":0},"end":{"line":69,"column":5}},"69":{"start":{"line":70,"column":0},"end":{"line":70,"column":35}},"70":{"start":{"line":71,"column":0},"end":{"line":71,"column":29}},"71":{"start":{"line":72,"column":0},"end":{"line":72,"column":57}},"72":{"start":{"line":73,"column":0},"end":{"line":73,"column":5}},"73":{"start":{"line":74,"column":0},"end":{"line":74,"column":29}},"74":{"start":{"line":75,"column":0},"end":{"line":75,"column":3}},"75":{"start":{"line":76,"column":0},"end":{"line":76,"column":0}},"76":{"start":{"line":77,"column":0},"end":{"line":77,"column":5}},"77":{"start":{"line":78,"column":0},"end":{"line":78,"column":10}},"78":{"start":{"line":79,"column":0},"end":{"line":79,"column":5}},"79":{"start":{"line":80,"column":0},"end":{"line":80,"column":26}},"80":{"start":{"line":81,"column":0},"end":{"line":81,"column":25}},"81":{"start":{"line":82,"column":0},"end":{"line":82,"column":3}},"82":{"start":{"line":83,"column":0},"end":{"line":83,"column":0}},"83":{"start":{"line":84,"column":0},"end":{"line":84,"column":5}},"84":{"start":{"line":85,"column":0},"end":{"line":85,"column":12}},"85":{"start":{"line":86,"column":0},"end":{"line":86,"column":5}},"86":{"start":{"line":87,"column":0},"end":{"line":87,"column":42}},"87":{"start":{"line":88,"column":0},"end":{"line":88,"column":33}},"88":{"start":{"line":89,"column":0},"end":{"line":89,"column":3}},"89":{"start":{"line":90,"column":0},"end":{"line":90,"column":0}},"90":{"start":{"line":91,"column":0},"end":{"line":91,"column":5}},"91":{"start":{"line":92,"column":0},"end":{"line":92,"column":11}},"92":{"start":{"line":93,"column":0},"end":{"line":93,"column":5}},"93":{"start":{"line":94,"column":0},"end":{"line":94,"column":34}},"94":{"start":{"line":95,"column":0},"end":{"line":95,"column":26}},"95":{"start":{"line":96,"column":0},"end":{"line":96,"column":57}},"96":{"start":{"line":97,"column":0},"end":{"line":97,"column":5}},"97":{"start":{"line":98,"column":0},"end":{"line":98,"column":26}},"98":{"start":{"line":99,"column":0},"end":{"line":99,"column":3}},"99":{"start":{"line":100,"column":0},"end":{"line":100,"column":0}},"100":{"start":{"line":101,"column":0},"end":{"line":101,"column":5}},"101":{"start":{"line":102,"column":0},"end":{"line":102,"column":11}},"102":{"start":{"line":103,"column":0},"end":{"line":103,"column":5}},"103":{"start":{"line":104,"column":0},"end":{"line":104,"column":17}},"104":{"start":{"line":105,"column":0},"end":{"line":105,"column":26}},"105":{"start":{"line":106,"column":0},"end":{"line":106,"column":49}},"106":{"start":{"line":107,"column":0},"end":{"line":107,"column":13}},"107":{"start":{"line":108,"column":0},"end":{"line":108,"column":5}},"108":{"start":{"line":109,"column":0},"end":{"line":109,"column":0}},"109":{"start":{"line":110,"column":0},"end":{"line":110,"column":24}},"110":{"start":{"line":111,"column":0},"end":{"line":111,"column":57}},"111":{"start":{"line":112,"column":0},"end":{"line":112,"column":5}},"112":{"start":{"line":113,"column":0},"end":{"line":113,"column":0}},"113":{"start":{"line":114,"column":0},"end":{"line":114,"column":27}},"114":{"start":{"line":115,"column":0},"end":{"line":115,"column":27}},"115":{"start":{"line":116,"column":0},"end":{"line":116,"column":39}},"116":{"start":{"line":117,"column":0},"end":{"line":117,"column":23}},"117":{"start":{"line":118,"column":0},"end":{"line":118,"column":3}},"118":{"start":{"line":119,"column":0},"end":{"line":119,"column":0}},"119":{"start":{"line":120,"column":0},"end":{"line":120,"column":5}},"120":{"start":{"line":121,"column":0},"end":{"line":121,"column":11}},"121":{"start":{"line":122,"column":0},"end":{"line":122,"column":5}},"122":{"start":{"line":123,"column":0},"end":{"line":123,"column":16}},"123":{"start":{"line":124,"column":0},"end":{"line":124,"column":27}},"124":{"start":{"line":125,"column":0},"end":{"line":125,"column":13}},"125":{"start":{"line":126,"column":0},"end":{"line":126,"column":5}},"126":{"start":{"line":127,"column":0},"end":{"line":127,"column":0}},"127":{"start":{"line":128,"column":0},"end":{"line":128,"column":28}},"128":{"start":{"line":129,"column":0},"end":{"line":129,"column":42}},"129":{"start":{"line":130,"column":0},"end":{"line":130,"column":51}},"130":{"start":{"line":131,"column":0},"end":{"line":131,"column":36}},"131":{"start":{"line":132,"column":0},"end":{"line":132,"column":5}},"132":{"start":{"line":133,"column":0},"end":{"line":133,"column":3}},"133":{"start":{"line":134,"column":0},"end":{"line":134,"column":0}},"134":{"start":{"line":135,"column":0},"end":{"line":135,"column":5}},"135":{"start":{"line":136,"column":0},"end":{"line":136,"column":9}},"136":{"start":{"line":137,"column":0},"end":{"line":137,"column":5}},"137":{"start":{"line":138,"column":0},"end":{"line":138,"column":17}},"138":{"start":{"line":139,"column":0},"end":{"line":139,"column":26}},"139":{"start":{"line":140,"column":0},"end":{"line":140,"column":3}},"140":{"start":{"line":141,"column":0},"end":{"line":141,"column":0}},"141":{"start":{"line":142,"column":0},"end":{"line":142,"column":5}},"142":{"start":{"line":143,"column":0},"end":{"line":143,"column":9}},"143":{"start":{"line":144,"column":0},"end":{"line":144,"column":5}},"144":{"start":{"line":145,"column":0},"end":{"line":145,"column":18}},"145":{"start":{"line":146,"column":0},"end":{"line":146,"column":27}},"146":{"start":{"line":147,"column":0},"end":{"line":147,"column":39}},"147":{"start":{"line":148,"column":0},"end":{"line":148,"column":3}},"148":{"start":{"line":149,"column":0},"end":{"line":149,"column":0}},"149":{"start":{"line":150,"column":0},"end":{"line":150,"column":5}},"150":{"start":{"line":151,"column":0},"end":{"line":151,"column":9}},"151":{"start":{"line":152,"column":0},"end":{"line":152,"column":5}},"152":{"start":{"line":153,"column":0},"end":{"line":153,"column":23}},"153":{"start":{"line":154,"column":0},"end":{"line":154,"column":34}},"154":{"start":{"line":155,"column":0},"end":{"line":155,"column":43}},"155":{"start":{"line":156,"column":0},"end":{"line":156,"column":25}},"156":{"start":{"line":157,"column":0},"end":{"line":157,"column":0}},"157":{"start":{"line":158,"column":0},"end":{"line":158,"column":44}},"158":{"start":{"line":159,"column":0},"end":{"line":159,"column":40}},"159":{"start":{"line":160,"column":0},"end":{"line":160,"column":5}},"160":{"start":{"line":161,"column":0},"end":{"line":161,"column":3}},"161":{"start":{"line":162,"column":0},"end":{"line":162,"column":0}},"162":{"start":{"line":163,"column":0},"end":{"line":163,"column":5}},"163":{"start":{"line":164,"column":0},"end":{"line":164,"column":10}},"164":{"start":{"line":165,"column":0},"end":{"line":165,"column":5}},"165":{"start":{"line":166,"column":0},"end":{"line":166,"column":31}},"166":{"start":{"line":167,"column":0},"end":{"line":167,"column":27}},"167":{"start":{"line":168,"column":0},"end":{"line":168,"column":13}},"168":{"start":{"line":169,"column":0},"end":{"line":169,"column":5}},"169":{"start":{"line":170,"column":0},"end":{"line":170,"column":0}},"170":{"start":{"line":171,"column":0},"end":{"line":171,"column":58}},"171":{"start":{"line":172,"column":0},"end":{"line":172,"column":25}},"172":{"start":{"line":173,"column":0},"end":{"line":173,"column":7}},"173":{"start":{"line":174,"column":0},"end":{"line":174,"column":0}},"174":{"start":{"line":175,"column":0},"end":{"line":175,"column":23}},"175":{"start":{"line":176,"column":0},"end":{"line":176,"column":3}},"176":{"start":{"line":177,"column":0},"end":{"line":177,"column":0}},"177":{"start":{"line":178,"col
[...]
":3}}]},"10":{"type":"branch","line":61,"loc":{"start":{"line":61,"column":14},"end":{"line":61,"column":36}},"locations":[{"start":{"line":61,"column":14},"end":{"line":61,"column":36}}]},"11":{"type":"branch","line":61,"loc":{"start":{"line":61,"column":36},"end":{"line":63,"column":5}},"locations":[{"start":{"line":61,"column":36},"end":{"line":63,"column":5}}]},"12":{"type":"branch","line":63,"loc":{"start":{"line":63,"column":4},"end":{"line":72,"column":45}},"locations":[{"start":{"line":63,"column":4},"end":{"line":72,"column":45}}]},"13":{"type":"branch","line":72,"loc":{"start":{"line":72,"column":25},"end":{"line":72,"column":47}},"locations":[{"start":{"line":72,"column":25},"end":{"line":72,"column":47}}]},"14":{"type":"branch","line":79,"loc":{"start":{"line":79,"column":2},"end":{"line":81,"column":3}},"locations":[{"start":{"line":79,"column":2},"end":{"line":81,"column":3}}]},"15":{"type":"branch","line":86,"loc":{"start":{"line":86,"column":10},"end":{"line":95,"column":3}},"locations":[{"start":{"line":86,"column":10},"end":{"line":95,"column":3}}]},"16":{"type":"branch","line":87,"loc":{"start":{"line":87,"column":19},"end":{"line":87,"column":26}},"locations":[{"start":{"line":87,"column":19},"end":{"line":87,"column":26}}]},"17":{"type":"branch","line":91,"loc":{"start":{"line":91,"column":52},"end":{"line":92,"column":52}},"locations":[{"start":{"line":91,"column":52},"end":{"line":92,"column":52}}]},"18":{"type":"branch","line":100,"loc":{"start":{"line":100,"column":10},"end":{"line":117,"column":3}},"locations":[{"start":{"line":100,"column":10},"end":{"line":117,"column":3}}]},"19":{"type":"branch","line":101,"loc":{"start":{"line":101,"column":23},"end":{"line":101,"column":30}},"locations":[{"start":{"line":101,"column":23},"end":{"line":101,"column":30}}]},"20":{"type":"branch","line":103,"loc":{"start":{"line":103,"column":54},"end":{"line":107,"column":5}},"locations":[{"start":{"line":103,"column":54},"end":{"line":107,"column":5}}]},"21":{"type":"branch","line":109,"loc":{"start":{"line":109,"column":58},"end":{"line":116,"column":5}},"locations":[{"start":{"line":109,"column":58},"end":{"line":116,"column":5}}]},"22":{"type":"branch","line":115,"loc":{"start":{"line":115,"column":37},"end":{"line":115,"column":61}},"locations":[{"start":{"line":115,"column":37},"end":{"line":115,"column":61}}]},"23":{"type":"branch","line":122,"loc":{"start":{"line":122,"column":2},"end":{"line":131,"column":3}},"locations":[{"start":{"line":122,"column":2},"end":{"line":131,"column":3}}]},"24":{"type":"branch","line":123,"loc":{"start":{"line":123,"column":22},"end":{"line":126,"column":5}},"locations":[{"start":{"line":123,"column":22},"end":{"line":126,"column":5}}]}},"b":{"0":[67],"1":[67],"2":[58],"3":[1],"4":[57],"5":[8],"6":[7],"7":[1],"8":[3],"9":[59],"10":[58],"11":[1],"12":[58],"13":[0],"14":[48],"15":[58],"16":[0],"17":[57],"18":[57],"19":[0],"20":[2],"21":[1],"22":[1],"23":[54],"24":[47]},"fnMap":{"0":{"name":"<instance_members_initializer>","decl":{"start":{"line":8,"column":10},"end":{"line":12,"column":52}},"loc":{"start":{"line":8,"column":10},"end":{"line":12,"column":52}},"line":8},"1":{"name":"Handler","decl":{"start":{"line":14,"column":2},"end":{"line":20,"column":3}},"loc":{"start":{"line":14,"column":2},"end":{"line":20,"column":3}},"line":14},"2":{"name":"initialize","decl":{"start":{"line":25,"column":2},"end":{"line":38,"column":3}},"loc":{"start":{"line":25,"column":2},"end":{"line":38,"column":3}},"line":25},"3":{"name":"get gl","decl":{"start":{"line":43,"column":2},"end":{"line":48,"column":3}},"loc":{"start":{"line":43,"column":2},"end":{"line":48,"column":3}},"line":43},"4":{"name":"isContextValid","decl":{"start":{"line":53,"column":2},"end":{"line":55,"column":3}},"loc":{"start":{"line":53,"column":2},"end":{"line":55,"column":3}},"line":53},"5":{"name":"getContextInfo","decl":{"start":{"line":60,"column":2},"end":{"line":74,"column":3}},"loc":{"start":{"line":60,"column":2},"end":{"line":74,"column":3}},"line":60},"6":{"name":"onRestore","decl":{"start":{"line":79,"column":2},"end":{"line":81,"column":3}},"loc":{"start":{"line":79,"column":2},"end":{"line":81,"column":3}},"line":79},"7":{"name":"_detectExtensions","decl":{"start":{"line":86,"column":10},"end":{"line":95,"column":3}},"loc":{"start":{"line":86,"column":10},"end":{"line":95,"column":3}},"line":86},"8":{"name":"_setupContextEvents","decl":{"start":{"line":100,"column":10},"end":{"line":117,"column":3}},"loc":{"start":{"line":100,"column":10},"end":{"line":117,"column":3}},"line":100},"9":{"name":"dispose","decl":{"start":{"line":122,"column":2},"end":{"line":131,"column":3}},"loc":{"start":{"line":122,"column":2},"end":{"line":131,"column":3}},"line":122}},"f":{"0":67,"1":67,"2":58,"3":8,"4":3,"5":59,"6":48,"7":58,"8":57,"9":54}}
,"/Users/ldy/Desktop/test/map/tests/renderer/mocks/webgl-mock.ts": {"path":"/Users/ldy/Desktop/test/map/tests/renderer/mocks/webgl-mock.ts","all":false,"statementMap":{"0":{"start":{"line":1,"column":0},"end":{"line":1,"column":3}},"1":{"start":{"line":2,"column":0},"end":{"line":2,"column":18}},"2":{"start":{"line":3,"column":0},"end":{"line":3,"column":23}},"3":{"start":{"line":4,"column":0},"end":{"line":4,"column":3}},"4":{"start":{"line":5,"column":0},"end":{"line":5,"column":84}},"5":{"start":{"line":6,"column":0},"end":{"line":6,"column":37}},"6":{"start":{"line":7,"column":0},"end":{"line":7,"column":47}},"7":{"start":{"line":8,"column":0},"end":{"line":8,"column":0}},"8":{"start":{"line":9,"column":0},"end":{"line":9,"column":42}},"9":{"start":{"line":10,"column":0},"end":{"line":10,"column":26}},"10":{"start":{"line":11,"column":0},"end":{"line":11,"column":3}},"11":{"start":{"line":12,"column":0},"end":{"line":12,"column":0}},"12":{"start":{"line":13,"column":0},"end":{"line":13,"column":57}},"13":{"start":{"line":14,"column":0},"end":{"line":14,"column":12}},"14":{"start":{"line":15,"column":0},"end":{"line":15,"column":18}},"15":{"start":{"line":16,"column":0},"end":{"line":16,"column":22}},"16":{"start":{"line":17,"column":0},"end":{"line":17,"column":18}},"17":{"start":{"line":18,"column":0},"end":{"line":18,"column":28}},"18":{"start":{"line":19,"column":0},"end":{"line":19,"column":42}},"19":{"start":{"line":20,"column":0},"end":{"line":20,"column":33}},"20":{"start":{"line":21,"column":0},"end":{"line":21,"column":35}},"21":{"start":{"line":22,"column":0},"end":{"line":22,"column":21}},"22":{"start":{"line":23,"column":0},"end":{"line":23,"column":6}},"23":{"start":{"line":24,"column":0},"end":{"line":24,"column":3}},"24":{"start":{"line":25,"column":0},"end":{"line":25,"column":0}},"25":{"start":{"line":26,"column":0},"end":{"line":26,"column":28}},"26":{"start":{"line":27,"column":0},"end":{"line":27,"column":17}},"27":{"start":{"line":28,"column":0},"end":{"line":28,"column":3}},"28":{"start":{"line":29,"column":0},"end":{"line":29,"column":0}},"29":{"start":{"line":30,"column":0},"end":{"line":30,"column":35}},"30":{"start":{"line":31,"column":0},"end":{"line":31,"column":37}},"31":{"start":{"line":32,"column":0},"end":{"line":32,"column":16}},"32":{"start":{"line":33,"column":0},"end":{"line":33,"column":5}},"33":{"start":{"line":34,"column":0},"end":{"line":34,"column":16}},"34":{"start":{"line":35,"column":0},"end":{"line":35,"column":3}},"35":{"start":{"line":36,"column":0},"end":{"line":36,"column":0}},"36":{"start":{"line":37,"column":0},"end":{"line":37,"column":40}},"37":{"start":{"line":38,"column":0},"end":{"line":38,"column":31}},"38":{"start":{"line":39,"column":0},"end":{"line":39,"column":3}},"39":{"start":{"line":40,"column":0},"end":{"line":40,"column":0}},"40":{"start":{"line":41,"column":0},"end":{"line":41,"column":65}},"41":{"start":{"line":42,"column":0},"end":{"line":42,"column":30}},"42":{"start":{"line":43,"column":0},"end":{"line":43,"column":72}},"43":{"start":{"line":44,"column":0},"end":{"line":44,"column":0}},"44":{"start":{"line":45,"column":0},"end":{"line":45,"column":40}},"45":{"start":{"line":46,"column":0},"end":{"line":46,"column":30}},"46":{"start":{"line":47,"column":0},"end":{"line":47,"column":3}},"47":{"start":{"line":48,"column":0},"end":{"line":48,"column":0}},"48":{"start":{"line":49,"column":0},"end":{"line":49,"column":47}},"49":{"start":{"line":50,"column":0},"end":{"line":50,"column":0}},"50":{"start":{"line":51,"column":0},"end":{"line":51,"column":50}},"51":{"start":{"line":52,"column":0},"end":{"line":52,"column":29}},"52":{"start":{"line":53,"column":0},"end":{"line":53,"column":3}},"53":{"start":{"line":54,"column":0},"end":{"line":54,"column":0}},"54":{"start":{"line":55,"column":0},"end":{"line":55,"column":44}},"55":{"start":{"line":56,"column":0},"end":{"line":56,"column":0}},"56":{"start":{"line":57,"column":0},"end":{"line":57,"column":40}},"57":{"start":{"line":58,"column":0},"end":{"line":58,"column":30}},"58":{"start":{"line":59,"column":0},"end":{"line":59,"column":3}},"59":{"start":{"line":60,"column":0},"end":{"line":60,"column":0}},"60":{"start":{"line":61,"column":0},"end":{"line":61,"column":47}},"61":{"start":{"line":62,"column":0},"end":{"line":62,"column":0}},"62":{"start":{"line":63,"column":0},"end":{"line":63,"column":38}},"63":{"start":{"line":64,"column":0},"end":{"line":64,"column":29}},"64":{"start":{"line":65,"column":0},"end":{"line":65,"column":3}},"65":{"start":{"line":66,"column":0},"end":{"line":66,"column":0}},"66":{"start":{"line":67,"column":0},"end":{"line":67,"column":44}},"67":{"start":{"line":68,"column":0},"end":{"line":68,"column":0}},"68":{"start":{"line":69,"column":0},"end":{"line":69,"column":48}},"69":{"start":{"line":70,"column":0},"end":{"line":70,"column":34}},"70":{"start":{"line":71,"column":0},"end":{"line":71,"column":3}},"71":{"start":{"line":72,"column":0},"end":{"line":72,"column":0}},"72":{"start":{"line":73,"column":0},"end":{"line":73,"column":59}},"73":{"start":{"line":74,"column":0},"end":{"line":74,"column":0}},"74":{"start":{"line":75,"column":0},"end":{"line":75,"column":15}},"75":{"start":{"line":76,"column":0},"end":{"line":76,"column":0}},"76":{"start":{"line":77,"column":0},"end":{"line":77,"column":35}},"77":{"start":{"line":78,"column":0},"end":{"line":78,"column":24}},"78":{"start":{"line":79,"column":0},"end":{"line":79,"column":3}},"79":{"start":{"line":80,"column":0},"end":{"line":80,"column":0}},"80":{"start":{"line":81,"column":0},"end":{"line":81,"column":36}},"81":{"start":{"line":82,"column":0},"end":{"line":82,"column":30}},"82":{"start":{"line":83,"column":0},"end":{"line":83,"column":3}},"83":{"start":{"line":84,"column":0},"end":{"line":84,"column":0}},"84":{"start":{"line":85,"column":0},"end":{"line":85,"column":37}},"85":{"start":{"line":86,"column":0},"end":{"line":86,"column":31}},"86":{"start":{"line":87,"column":0},"end":{"line":87,"column":3}},"87":{"start":{"line":88,"column":0},"end":{"line":88,"column":0}},"88":{"start":{"line":89,"column":0},"end":{"line":89,"column":14}},"89":{"start":{"line":90,"column":0},"end":{"line":90,"column":41}},"90":{"start":{"line":91,"column":0},"end":{"line":91,"column":41}},"91":{"start":{"line":92,"column":0},"end":{"line":92,"column":34}},"92":{"start":{"line":93,"column":0},"end":{"line":93,"column":36}},"93":{"start":{"line":94,"column":0},"end":{"line":94,"column":1}},"94":{"start":{"line":95,"column":0},"end":{"line":95,"column":0}},"95":{"start":{"line":96,"column":0},"end":{"line":96,"column":3}},"96":{"start":{"line":97,"column":0},"end":{"line":97,"column":17}},"97":{"start":{"line":98,"column":0},"end":{"line":98,"column":3}},"98":{"start":{"line":99,"column":0},"end":{"line":99,"column":80}},"99":{"start":{"line":100,"column":0},"end":{"line":100,"column":50}},"100":{"start":{"line":101,"column":0},"end":{"line":101,"column":23}},"101":{"start":{"line":102,"column":0},"end":{"line":102,"column":25}},"102":{"start":{"line":103,"column":0},"end":{"line":103,"column":16}},"103":{"start":{"line":104,"column":0},"end":{"line":104,"column":1}},"104":{"start":{"line":105,"column":0},"end":{"line":105,"column":0}},"105":{"start":{"line":106,"column":0},"end":{"line":106,"column":3}},"106":{"start":{"line":107,"column":0},"end":{"line":107,"column":21}},"107":{"start":{"line":108,"column":0},"end":{"line":108,"column":3}},"108":{"start":{"line":109,"column":0},"end":{"line":109,"column":96}},"109":{"start":{"line":110,"column":0},"end":{"line":110,"column":48}},"110":{"start":{"line":111,"column":0},"end":{"line":111,"column":1}}},"s":{"0":1,"1":1,"2":1,"3":1,"4":1,"5":1,"6":113,"7":113,"8":113,"9":113,"10":113,"11":113,"12":113,"13":0,"14":0,"15":0,"16":0,"17":0,"18":0,"19":0,"20":0,"21":0,"22":0,"23":0,"24":113,"25":113,"26":0,"27":0,"28":113,"29":113,"30":231,"31":2,"32":2,"33":229,"34":231,"35":113,"36":113,"37":2,"38":2,"39":113,"40":113,"41":113,"42":113,"43":113,"44":113,"45":0,"46":0,"47":113,"48":113,"49":113,"50":113,"51":0,"52":0,"53":113,"54":113,"55":113,"56":113,"57":0,"58":0,"59":113,"60":113,"61":113,"62":113,"63":0,"64":0,"65":113,"66":113,"67":113,"68":113,"69":0,"70":0,"71":113,"72":113,"73":113,"74":113,"75":113,"76":113,"77":0,"78":0,"79":113,"80":113,"81":0,"82":0,"83":113,"84":113,"85":0,"86":0,"87":113,"88":113,"89":113,"90":113,"91":113,"92":113,"93":1,"94":1,"95":1,"96":1,"97":1,"98":1,"99":113,"100":113,"101":113,"102":113,"103":113,"104":1,"105":1,"106":1,"107":1,"108":1,"109":113,"110":113},"branchMap":{"0":{"type":"branch","line":6,"loc":{"start":{"line":6,"column":10},"end":{"line":93,"column":36}},"locations":[{"start":{"line":6,"column":10},"end":{"line":93,"column":36}}]},"1":{"type":"branch","line":9,"loc":{"start":{"line":9,"column":2},"end":{"line":11,"column":3}},"locations":[{"start":{"line":9,"column":2},"end":{"line":11,"column":3}}]},"2":{"type":"branch","line":30,"loc":{"start":{"line":30,"column":2},"end":{"line":35,"column":3}},"locations":[{"start":{"line":30,"column":2},"end":{"line":35,"column":3}}]},"3":{"type":"branch","line":31,"loc":{"start":{"line":31,"column":36},"end":{"line":33,"column":5}},"locations":[{"start":{"line":31,"column":36},"end":{"line":33,"column":5}}]},"4":{"type":"branch","line":33,"loc":{"start":{"line":33,"column":4},"end":{"line":34,"column":16}},"locations":[{"start":{"line":33,"column":4},"end":{"line":34,"column":16}}]},"5":{"type":"branch","line":37,"loc":{"start":{"line":37,"column":2},"end":{"line":39,"column":3}},"locations":[{"start":{"line":37,"column":2},"end":{"line":39,"column":3}}]},"6":{"type":"branch","line":41,"loc":{"start":{"line":41,"column":2},"end":{"line":41,"column":65}},"locations":[{"start":{"line":41,"column":2},"end":{"line":41,"column":65}}]},"7":{"type":"branch","line":42,"loc":{"start":{"line":42,"column":2},"end":{"line":42,"column":30}},"locations":[{"start":{"line":42,"column":2},"end":{"line":42,"column":30}}]},"8":{"type":"branch","line":43,"loc":{"start":{"line":43,"column":2},"end":{"line":43,"column":72}},"locations":[{"start":{"line":43,"column":2},"end":{"line":43,"column":72}}]},"9":{"type":"branch","line":99,"loc":{"start":{"line":99,"column":7},"end":{"line":104,"column":1}},"locations":[{"start":{"line":99,"column":7},"end":{"line":104,"column":1}}]},"10":{"type":"branch","line":109,"loc":{"start":{"line":109,"column":7},"end":{"line":111,"column":1}},"locations":[{"start":{"line":109,"column":7},"end":{"line":111,"column":1}}]}},"b":{"0":[113],"1":[113],"2":[231],"3":[2],"4":[229],"5":[2],"6":[779],"7":[779],"8":[6],"9":[113],"10":[113]},"fnMap":{"0":{"name":"<instance_members_initializer>","decl":{"start":{"line":6,"column":10},"end":{"line":93,"column":36}},"loc":{"start":{"line":6,"column":10},"end":{"line":93,"column":36}},"line":6},"1":{"name":"WebGL2RenderingContextMock","decl":{"start":{"line":9,"column":2},"end":{"line":11,"column":3}},"loc":{"start":{"line":9,"column":2},"end":{"line":11,"column":3}},"line":9},"2":{"name":"getContextAttributes","decl":{"start":{"line":13,"column":2},"end":{"line":24,"column":3}},"loc":{"start":{"line":13,"column":2},"end":{"line":24,"column":3}},"line":13},"3":{"name":"isContextLost","decl":{"start":{"line":26,"column":2},"end":{"line":28,"column":3}},"loc":{"start":{"line":26,"column":2},"end":{"line":28,"column":3}},"line":26},"4":{"name":"getExtension","decl":{"start":{"line":30,"column":2},"end":{"line":35,"column":3}},"loc":{"start":{"line":30,"column":2},"end":{"line":35,"column":3}},"line":30},"5":{"name":"addMockExtension","decl":{"start":{"line":37,"column":2},"end":{"line":39,"column":3}},"loc":{"start":{"line":37,"column":2},"end":{"line":39,"column":3}},"line":37},"6":{"name":"clearColor","decl":{"start":{"line":41,"column":2},"end":{"line":41,"column":65}},"loc":{"start":{"line":41,"column":2},"end":{"line":41,"column":65}},"line":41},"7":{"name":"clear","decl":{"start":{"line":42,"column":2},"end":{"line":42,"column":30}},"loc":{"start":{"line":42,"column":2},"end":{"line":42,"column":30}},"line":42},"8":{"name":"viewport","decl":{"start":{"line":43,"column":2},"end":{"line":43,"column":72}},"loc":{"start":{"line":43,"column":2},"end":{"line":43,"column":72}},"line":43},"9":{"name":"createProgram","decl":{"start":{"line":45,"column":2},"end":{"line":47,"column":3}},"loc":{"start":{"line":45,"column":2},"end":{"line":47,"column":3}},"line":45},"10":{"name":"deleteProgram","decl":{"start":{"line":49,"column":2},"end":{"line":49,"column":47}},"loc":{"start":{"line":49,"column":2},"end":{"line":49,"column":47}},"line":49},"11":{"name":"createShader","decl":{"start":{"line":51,"column":2},"end":{"line":53,"column":3}},"loc":{"start":{"line":51,"column":2},"end":{"line":53,"column":3}},"line":51},"12":{"name":"deleteShader","decl":{"start":{"line":55,"column":2},"end":{"line":55,"column":44}},"loc":{"start":{"line":55,"column":2},"end":{"line":55,"column":44}},"line":55},"13":{"name":"createTexture","decl":{"start":{"line":57,"column":2},"end":{"line":59,"column":3}},"loc":{"start":{"line":57,"column":2},"end":{"line":59,"column":3}},"line":57},"14":{"name":"deleteTexture","decl":{"start":{"line":61,"column":2},"end":{"line":61,"column":47}},"loc":{"start":{"line":61,"column":2},"end":{"line":61,"column":47}},"line":61},"15":{"name":"createBuffer","decl":{"start":{"line":63,"column":2},"end":{"line":65,"column":3}},"loc":{"start":{"line":63,"column":2},"end":{"line":65,"column":3}},"line":63},"16":{"name":"deleteBuffer","decl":{"start":{"line":67,"column":2},"end":{"line":67,"column":44}},"loc":{"start":{"line":67,"column":2},"end":{"line":67,"column":44}},"line":67},"17":{"name":"createFramebuffer","decl":{"start":{"line":69,"column":2},"end":{"line":71,"column":3}},"loc":{"start":{"line":69,"column":2},"end":{"line":71,"column":3}},"line":69},"18":{"name":"deleteFramebuffer","decl":{"start":{"line":73,"column":2},"end":{"line":73,"column":59}},"loc":{"start":{"line":73,"column":2},"end":{"line":73,"column":59}},"line":73},"19":{"name":"get canvas","decl":{"start":{"line":77,"column":2},"end":{"line":79,"column":3}},"loc":{"start":{"line":77,"column":2},"end":{"line":79,"column":3}},"line":77},"20":{"name":"get drawingBufferWidth","decl":{"start":{"line":81,"column":2},"end":{"line":83,"column":3}},"loc":{"start":{"line":81,"column":2},"end":{"line":83,"column":3}},"line":81},"21":{"name":"get drawingBufferHeight","decl":{"start":{"line":85,"column":2},"end":{"line":87,"column":3}},"loc":{"start":{"line":85,"column":2},"end":{"line":87,"column":3}},"line":85},"22":{"name":"createMockCanvas","decl":{"start":{"line":99,"column":7},"end":{"line":104,"column":1}},"loc":{"start":{"line":99,"column":7},"end":{"line":104,"column":1}},"line":99},"23":{"name":"createMockWebGL2Context","decl":{"start":{"line":109,"column":7},"end":{"line":111,"column":1}},"loc":{"start":{"line":109,"column":7},"end":{"line":111,"column":1}},"line":109}},"f":{"0":113,"1":113,"2":0,"3":0,"4":231,"5":2,"6":779,"7":779,"8":6,"9":0,"10":0,"11":0,"12":0,"13":0,"14":0,"15":0,"16":0,"17":0,"18":0,"19":0,"20":0,"21":0,"22":113,"23":113}}
}
